#
# A fatal error has been detected by the Java Runtime Environment:
#
#  EXCEPTION_ACCESS_VIOLATION (0xc0000005) at pc=0x00007fff93c2d266, pid=11676, tid=11644
#
# JRE version: OpenJDK Runtime Environment (11.0.11+9) (build 11.0.11+9-b60-7590822)
# Java VM: OpenJDK 64-Bit Server VM (11.0.11+9-b60-7590822, mixed mode, tiered, compressed oops, g1 gc, windows-amd64)
# Problematic frame:
# V  [jvm.dll+0x18d266]
#
# No core dump will be written. Minidumps are not enabled by default on client versions of Windows
#
# If you would like to submit a bug report, please visit:
#   https://bugreport.java.com/bugreport/crash.jsp
#

---------------  S U M M A R Y ------------

Command Line: --add-opens=java.base/java.util=ALL-UNNAMED --add-opens=java.base/java.lang=ALL-UNNAMED --add-opens=java.base/java.lang.invoke=ALL-UNNAMED --add-opens=java.base/java.util=ALL-UNNAMED --add-opens=java.prefs/java.util.prefs=ALL-UNNAMED --add-opens=java.prefs/java.util.prefs=ALL-UNNAMED --add-opens=java.base/java.nio.charset=ALL-UNNAMED --add-opens=java.base/java.net=ALL-UNNAMED --add-opens=java.base/java.util.concurrent.atomic=ALL-UNNAMED -Xmx2048m -Dfile.encoding=UTF-8 -Duser.country=KR -Duser.language=ko -Duser.variant org.gradle.launcher.daemon.bootstrap.GradleDaemon 7.2

Host: Intel(R) Core(TM) i5-6500 CPU @ 3.20GHz, 4 cores, 7G,  Windows 10 , 64 bit Build 19041 (10.0.19041.1706)
Time: Wed May 25 09:56:51 2022 대한민국 표준시 elapsed time: 1787.155445 seconds (0d 0h 29m 47s)

---------------  T H R E A D  ---------------

Current thread (0x000001e39caa9800):  ConcurrentGCThread "G1 Conc#0" [stack: 0x0000006d08100000,0x0000006d08200000] [id=11644]

Stack: [0x0000006d08100000,0x0000006d08200000],  sp=0x0000006d081ff188,  free space=1020k
Native frames: (J=compiled Java code, j=interpreted, Vv=VM code, C=native code)
V  [jvm.dll+0x18d266]


siginfo: EXCEPTION_ACCESS_VIOLATION (0xc0000005), reading address 0x0000000000000008


Register to memory mapping:

RIP=0x00007fff93c2d266 jvm.dll
RAX=0x1000000000000001 is an unknown value
RBX=0x000000008128e650 is pointing into object: java.lang.reflect.Method 
{0x000000008128e640} - klass: 'java/lang/reflect/Method'
RCX=0x000000008128e650 is pointing into object: java.lang.reflect.Method 
{0x000000008128e640} - klass: 'java/lang/reflect/Method'
RDX=0x000000008128e650 is pointing into object: java.lang.reflect.Method 
{0x000000008128e640} - klass: 'java/lang/reflect/Method'
RSP=0x0000006d081ff188 points into unknown readable memory: 0x00007fff93d7b2fa | fa b2 d7 93 ff 7f 00 00
RBP=0x000001e39ca9d8d0 points into unknown readable memory: 0x000001e39caa6800 | 00 68 aa 9c e3 01 00 00
RSI=0x0000000000000001 is an unknown value
RDI=0x0 is NULL
R8 =0x1000000000000000 is an unknown value
R9 =0x0 is NULL
R10=0x000001e39ca9d8d0 points into unknown readable memory: 0x000001e39caa6800 | 00 68 aa 9c e3 01 00 00
R11=0x000001e3b0160000 points into unknown readable memory: 0x0000000000000001 | 01 00 00 00 00 00 00 00
R12=0x000000000000000c is an unknown value
R13=0xaaaaaaaaaaaaaaab is an unknown value
R14=0x0 is NULL
R15=0x0000006d081ff360 points into unknown readable memory: 0x000001e39ca9d8d0 | d0 d8 a9 9c e3 01 00 00


Registers:
RAX=0x1000000000000001, RBX=0x000000008128e650, RCX=0x000000008128e650, RDX=0x000000008128e650
RSP=0x0000006d081ff188, RBP=0x000001e39ca9d8d0, RSI=0x0000000000000001, RDI=0x0000000000000000
R8 =0x1000000000000000, R9 =0x0000000000000000, R10=0x000001e39ca9d8d0, R11=0x000001e3b0160000
R12=0x000000000000000c, R13=0xaaaaaaaaaaaaaaab, R14=0x0000000000000000, R15=0x0000006d081ff360
RIP=0x00007fff93c2d266, EFLAGS=0x0000000000010246

Top of Stack: (sp=0x0000006d081ff188)
0x0000006d081ff188:   00007fff93d7b2fa 000000008128e650
0x0000006d081ff198:   0000006d081ff388 0000000081289520
0x0000006d081ff1a8:   00007fff93d7b1a6 000001e39caaa201
0x0000006d081ff1b8:   00007fff93d7b1a6 0000006d081ff388
0x0000006d081ff1c8:   000000008128e650 000001e39caab070
0x0000006d081ff1d8:   0000006d081ff388 0000000000000000
0x0000006d081ff1e8:   00007fff93d72b35 00000000812898e8
0x0000006d081ff1f8:   00007fff93d7447d 00000000812895a0
0x0000006d081ff208:   0000000081289884 000001e39caaa201
0x0000006d081ff218:   aaaaaaaaaaaaaaab 0000000100071bc0
0x0000006d081ff228:   00007fff93d728f1 0000000000000069
0x0000006d081ff238:   00000000812895a0 0000000100002070
0x0000006d081ff248:   0000006d081ff360 00000000812895a0
0x0000006d081ff258:   00007fff93d80cdf 000001e39caab070
0x0000006d081ff268:   0000000000260000 0000006d081ff360
0x0000006d081ff278:   0000000000000000 00000000812895a0 

Instructions: (pc=0x00007fff93c2d266)
0x00007fff93c2d166:   82 00 48 d3 e0 48 03 05 1e 6b 82 00 eb 04 48 8b
0x00007fff93c2d176:   43 08 81 78 08 00 00 00 c0 73 7d 48 8b 4f 38 48
0x00007fff93c2d186:   8b d3 48 8b 01 ff 50 20 84 c0 75 6c 38 05 e0 f6
0x00007fff93c2d196:   86 00 74 15 8b 53 08 8b 0d f5 6a 82 00 48 d3 e2
0x00007fff93c2d1a6:   48 03 15 e3 6a 82 00 eb 04 48 8b 53 08 48 8b cb
0x00007fff93c2d1b6:   48 89 5c 24 20 e8 a0 00 00 00 80 7f 30 00 48 63
0x00007fff93c2d1c6:   c8 48 89 4c 24 28 0f 28 44 24 20 74 17 0f 11 86
0x00007fff93c2d1d6:   98 03 00 00 48 8b 5c 24 40 48 8b 74 24 48 48 83
0x00007fff93c2d1e6:   c4 30 5f c3 48 8b 07 48 8d 54 24 20 48 8b cf 66
0x00007fff93c2d1f6:   0f 7f 44 24 20 ff 50 38 48 8b 5c 24 40 48 8b 74
0x00007fff93c2d206:   24 48 48 83 c4 30 5f c3 cc cc 48 8b 49 38 48 8b
0x00007fff93c2d216:   01 48 ff 60 28 cc cc cc cc cc 80 3d 51 f6 86 00
0x00007fff93c2d226:   00 48 8b c1 74 1b 8b 51 08 8b 0d 63 6a 82 00 48
0x00007fff93c2d236:   d3 e2 48 8b c8 48 03 15 4e 6a 82 00 e9 19 00 00
0x00007fff93c2d246:   00 48 8b 51 08 48 8b c8 e9 0d 00 00 00 cc cc cc
0x00007fff93c2d256:   cc cc cc cc cc cc cc cc cc cc 4c 8b ca 48 8b d1
0x00007fff93c2d266:   45 8b 41 08 45 85 c0 7e 0e 41 f6 c0 01 75 59 41
0x00007fff93c2d276:   c1 f8 03 41 8b c0 c3 79 4f 80 3d f2 f5 86 00 00
0x00007fff93c2d286:   b8 0c 00 00 00 b9 10 00 00 00 0f 45 c8 8b 05 2b
0x00007fff93c2d296:   b4 80 00 ff c8 4c 63 c8 48 63 c1 41 8b c8 83 e1
0x00007fff93c2d2a6:   3f 48 63 14 10 41 8b c0 48 c1 f8 10 0f b6 c0 48
0x00007fff93c2d2b6:   d3 e2 49 8d 0c 11 49 f7 d1 48 03 c1 49 c1 e9 03
0x00007fff93c2d2c6:   48 c1 e8 03 41 23 c1 c3 49 8b 01 49 8b c9 48 ff
0x00007fff93c2d2d6:   a0 10 01 00 00 cc cc cc cc cc 48 83 ec 38 0f 10
0x00007fff93c2d2e6:   02 48 8b 49 38 48 8d 54 24 20 0f 29 44 24 20 e8
0x00007fff93c2d2f6:   66 f0 ff ff 48 83 c4 38 c3 cc 48 89 5c 24 08 55
0x00007fff93c2d306:   56 57 41 54 41 55 41 56 41 57 48 8d 6c 24 e0 48
0x00007fff93c2d316:   81 ec 20 01 00 00 48 8b 05 1d ef 83 00 48 33 c4
0x00007fff93c2d326:   48 89 45 10 48 8b 05 5f 60 86 00 45 33 ed 4c 8b
0x00007fff93c2d336:   b5 80 00 00 00 4c 8b fa 48 8b bd 88 00 00 00 4d
0x00007fff93c2d346:   8b c6 49 8b d6 49 8b f1 48 8b 48 38 48 8b 59 48
0x00007fff93c2d356:   49 8b cf c7 45 c0 ff ff ff ff 44 89 6d d4 4c 89 


Stack slot to memory mapping:
stack at sp + 0 slots: 0x00007fff93d7b2fa jvm.dll
stack at sp + 1 slots: 0x000000008128e650 is pointing into object: java.lang.reflect.Method 
{0x000000008128e640} - klass: 'java/lang/reflect/Method'
stack at sp + 2 slots: 0x0000006d081ff388 points into unknown readable memory: 0x00007fff942c2fd0 | d0 2f 2c 94 ff 7f 00 00
stack at sp + 3 slots: 0x0000000081289520 is an oop: java.lang.Class 
{0x0000000081289520} - klass: 'java/lang/Class'
stack at sp + 4 slots: 0x00007fff93d7b1a6 jvm.dll
stack at sp + 5 slots: 0x000001e39caaa201 points into unknown readable memory: 61 76 61 2e 6c 61 6e
stack at sp + 6 slots: 0x00007fff93d7b1a6 jvm.dll
stack at sp + 7 slots: 0x0000006d081ff388 points into unknown readable memory: 0x00007fff942c2fd0 | d0 2f 2c 94 ff 7f 00 00


---------------  P R O C E S S  ---------------

Threads class SMR info:
_java_thread_list=0x000001e3ba4a3310, length=91, elements={
0x000001e39ca5d000, 0x000001e3b6644000, 0x000001e3b6645800, 0x000001e3b6673000,
0x000001e3b6674000, 0x000001e3b6677000, 0x000001e3b667a000, 0x000001e3b6f11000,
0x000001e3b6f3c000, 0x000001e3b7032800, 0x000001e3b9bb1000, 0x000001e3b82a8800,
0x000001e3b80a3000, 0x000001e3b8f35800, 0x000001e3b8f36800, 0x000001e3b8f34000,
0x000001e3b945b800, 0x000001e3b9457000, 0x000001e3b945d800, 0x000001e3b9458800,
0x000001e3b945f000, 0x000001e3b9464800, 0x000001e3b9461800, 0x000001e3bdad6800,
0x000001e3bdad9800, 0x000001e3bd7b3800, 0x000001e3c1afe000, 0x000001e3bcaa7800,
0x000001e3c1af9000, 0x000001e3c1af7800, 0x000001e3c1afc000, 0x000001e3c1af9800,
0x000001e3c1afa800, 0x000001e3c1af8000, 0x000001e3c1afb800, 0x000001e3c1afd000,
0x000001e3bca9e800, 0x000001e3bca9f800, 0x000001e3bca9d000, 0x000001e3bcaa2000,
0x000001e3bcaa0800, 0x000001e3bcaa1000, 0x000001e3bca9c000, 0x000001e3bcaa2800,
0x000001e3bcaa3800, 0x000001e3bca9e000, 0x000001e3bcaa4800, 0x000001e3bcaab000,
0x000001e3bcaa9800, 0x000001e3bcaaa000, 0x000001e3bcaa8800, 0x000001e3bcaa5000,
0x000001e3bcaa6000, 0x000001e3bcaa7000, 0x000001e3bdacf000, 0x000001e3bdad0000,
0x000001e3bdad0800, 0x000001e3bdad1800, 0x000001e3bdacb800, 0x000001e3bdad2800,
0x000001e3bdacc800, 0x000001e3bdace000, 0x000001e3bdad3000, 0x000001e3bdacd800,
0x000001e3bdad9000, 0x000001e3bdad4000, 0x000001e3bdada800, 0x000001e3bdad8000,
0x000001e3bdad4800, 0x000001e3bdad7000, 0x000001e3bdad5800, 0x000001e3bd7ba000,
0x000001e3bd7b8800, 0x000001e3bd7b7000, 0x000001e3bd7b4800, 0x000001e3bd7bb000,
0x000001e3bd7b5800, 0x000001e3bd7b7800, 0x000001e3bd7bc000, 0x000001e3bd7bc800,
0x000001e3bd7bd800, 0x000001e3b705a800, 0x000001e3bd7bf000, 0x000001e3bd7be800,
0x000001e3bd7b9800, 0x000001e3bd7c0000, 0x000001e3bd7c0800, 0x000001e3bd7c1800,
0x000001e3bd7c2800, 0x000001e3b945a000, 0x000001e3b9457800
}

Java Threads: ( => current thread )
  0x000001e39ca5d000 JavaThread "main" [_thread_blocked, id=8212, stack(0x0000006d07e00000,0x0000006d07f00000)]
  0x000001e3b6644000 JavaThread "Reference Handler" daemon [_thread_blocked, id=7492, stack(0x0000006d08500000,0x0000006d08600000)]
  0x000001e3b6645800 JavaThread "Finalizer" daemon [_thread_blocked, id=11764, stack(0x0000006d08600000,0x0000006d08700000)]
  0x000001e3b6673000 JavaThread "Signal Dispatcher" daemon [_thread_blocked, id=4548, stack(0x0000006d08700000,0x0000006d08800000)]
  0x000001e3b6674000 JavaThread "Attach Listener" daemon [_thread_blocked, id=3420, stack(0x0000006d08800000,0x0000006d08900000)]
  0x000001e3b6677000 JavaThread "Service Thread" daemon [_thread_blocked, id=10148, stack(0x0000006d08900000,0x0000006d08a00000)]
  0x000001e3b667a000 JavaThread "C2 CompilerThread0" daemon [_thread_blocked, id=11500, stack(0x0000006d08a00000,0x0000006d08b00000)]
  0x000001e3b6f11000 JavaThread "C1 CompilerThread0" daemon [_thread_blocked, id=7124, stack(0x0000006d08b00000,0x0000006d08c00000)]
  0x000001e3b6f3c000 JavaThread "Sweeper thread" daemon [_thread_blocked, id=9224, stack(0x0000006d08c00000,0x0000006d08d00000)]
  0x000001e3b7032800 JavaThread "Common-Cleaner" daemon [_thread_blocked, id=8628, stack(0x0000006d08d00000,0x0000006d08e00000)]
  0x000001e3b9bb1000 JavaThread "Daemon health stats" [_thread_blocked, id=9816, stack(0x0000006d09200000,0x0000006d09300000)]
  0x000001e3b82a8800 JavaThread "Incoming local TCP Connector on port 58338" [_thread_in_native, id=1116, stack(0x0000006d09300000,0x0000006d09400000)]
  0x000001e3b80a3000 JavaThread "Daemon periodic checks" [_thread_blocked, id=9820, stack(0x0000006d09400000,0x0000006d09500000)]
  0x000001e3b8f35800 JavaThread "Cache worker for journal cache (C:\Users\yscs\.gradle\caches\journal-1)" [_thread_blocked, id=952, stack(0x0000006d09d00000,0x0000006d09e00000)]
  0x000001e3b8f36800 JavaThread "File lock request listener" [_thread_in_native, id=1808, stack(0x0000006d09e00000,0x0000006d09f00000)]
  0x000001e3b8f34000 JavaThread "Cache worker for file hash cache (C:\Users\yscs\.gradle\caches\7.2\fileHashes)" [_thread_blocked, id=11548, stack(0x0000006d09f00000,0x0000006d0a000000)]
  0x000001e3b945b800 JavaThread "File watcher server" daemon [_thread_in_native, id=12380, stack(0x0000006d0a100000,0x0000006d0a200000)]
  0x000001e3b9457000 JavaThread "File watcher consumer" daemon [_thread_blocked, id=1300, stack(0x0000006d0a200000,0x0000006d0a300000)]
  0x000001e3b945d800 JavaThread "Cache worker for execution history cache (C:\Users\yscs\.gradle\caches\7.2\executionHistory)" [_thread_blocked, id=12256, stack(0x0000006d0a600000,0x0000006d0a700000)]
  0x000001e3b9458800 JavaThread "jar transforms" [_thread_blocked, id=7868, stack(0x0000006d0a700000,0x0000006d0a800000)]
  0x000001e3b945f000 JavaThread "Cache worker for file content cache (C:\Users\yscs\.gradle\caches\7.2\fileContent)" [_thread_blocked, id=8352, stack(0x0000006d0a800000,0x0000006d0a900000)]
  0x000001e3b9464800 JavaThread "jar transforms Thread 2" [_thread_blocked, id=10004, stack(0x0000006d0a900000,0x0000006d0aa00000)]
  0x000001e3b9461800 JavaThread "jar transforms Thread 3" [_thread_blocked, id=12624, stack(0x0000006d0ab00000,0x0000006d0ac00000)]
  0x000001e3bdad6800 JavaThread "jar transforms Thread 4" [_thread_blocked, id=8924, stack(0x0000006d0d400000,0x0000006d0d500000)]
  0x000001e3bdad9800 JavaThread "Memory manager" [_thread_blocked, id=4000, stack(0x0000006d0d500000,0x0000006d0d600000)]
  0x000001e3bd7b3800 JavaThread "Cache worker for Java compile cache (C:\Users\yscs\.gradle\caches\7.2\javaCompile)" [_thread_blocked, id=7636, stack(0x0000006d0db00000,0x0000006d0dc00000)]
  0x000001e3c1afe000 JavaThread "ForkJoinPool.commonPool-worker-3" daemon [_thread_blocked, id=3244, stack(0x0000006d0e400000,0x0000006d0e500000)]
  0x000001e3bcaa7800 JavaThread "ForkJoinPool.commonPool-worker-1" daemon [_thread_blocked, id=1888, stack(0x0000006d0e500000,0x0000006d0e600000)]
  0x000001e3c1af9000 JavaThread "Daemon Thread 9" [_thread_blocked, id=6312, stack(0x0000006d07b00000,0x0000006d07c00000)]
  0x000001e3c1af7800 JavaThread "Handler for socket connection from /127.0.0.1:58338 to /127.0.0.1:59522" [_thread_in_native, id=12092, stack(0x0000006d07c00000,0x0000006d07d00000)]
  0x000001e3c1afc000 JavaThread "Cancel handler" [_thread_blocked, id=13056, stack(0x0000006d07d00000,0x0000006d07e00000)]
  0x000001e3c1af9800 JavaThread "Daemon worker Thread 9" [_thread_blocked, id=9272, stack(0x0000006d08f00000,0x0000006d09000000)]
  0x000001e3c1afa800 JavaThread "Asynchronous log dispatcher for DefaultDaemonConnection: socket connection from /127.0.0.1:58338 to /127.0.0.1:59522" [_thread_blocked, id=11092, stack(0x0000006d09500000,0x0000006d09600000)]
  0x000001e3c1af8000 JavaThread "Stdin handler" [_thread_blocked, id=10436, stack(0x0000006d09600000,0x0000006d09700000)]
  0x000001e3c1afb800 JavaThread "Daemon client event forwarder" [_thread_blocked, id=516, stack(0x0000006d09700000,0x0000006d09800000)]
  0x000001e3c1afd000 JavaThread "Cache worker for file hash cache (C:\Users\yscs\AndroidStudioProjects\TermProj\.gradle\7.2\fileHashes)" [_thread_blocked, id=1348, stack(0x0000006d09800000,0x0000006d09900000)]
  0x000001e3bca9e800 JavaThread "Cache worker for checksums cache (C:\Users\yscs\AndroidStudioProjects\TermProj\.gradle\checksums)" [_thread_blocked, id=11684, stack(0x0000006d09900000,0x0000006d09a00000)]
  0x000001e3bca9f800 JavaThread "Cache worker for cache directory md-supplier (C:\Users\yscs\.gradle\caches\7.2\md-supplier)" [_thread_blocked, id=1376, stack(0x0000006d09a00000,0x0000006d09b00000)]
  0x000001e3bca9d000 JavaThread "Cache worker for cache directory md-rule (C:\Users\yscs\.gradle\caches\7.2\md-rule)" [_thread_blocked, id=7632, stack(0x0000006d09b00000,0x0000006d09c00000)]
  0x000001e3bcaa2000 JavaThread "Cache worker for dependencies-accessors (C:\Users\yscs\AndroidStudioProjects\TermProj\.gradle\7.2\dependencies-accessors)" [_thread_blocked, id=1524, stack(0x0000006d0a000000,0x0000006d0a100000)]
  0x000001e3bcaa0800 JavaThread "Cache worker for Build Output Cleanup Cache (C:\Users\yscs\AndroidStudioProjects\TermProj\.gradle\buildOutputCleanup)" [_thread_blocked, id=13100, stack(0x0000006d0a300000,0x0000006d0a400000)]
  0x000001e3bcaa1000 JavaThread "Unconstrained build operations" [_thread_blocked, id=7944, stack(0x0000006d0a400000,0x0000006d0a500000)]
  0x000001e3bca9c000 JavaThread "Unconstrained build operations Thread 2" [_thread_blocked, id=8144, stack(0x0000006d0a500000,0x0000006d0a600000)]
  0x000001e3bcaa2800 JavaThread "Unconstrained build operations Thread 3" [_thread_blocked, id=10460, stack(0x0000006d0aa00000,0x0000006d0ab00000)]
  0x000001e3bcaa3800 JavaThread "Unconstrained build operations Thread 4" [_thread_blocked, id=11768, stack(0x0000006d0ac00000,0x0000006d0ad00000)]
  0x000001e3bca9e000 JavaThread "Unconstrained build operations Thread 5" [_thread_blocked, id=10208, stack(0x0000006d0ad00000,0x0000006d0ae00000)]
  0x000001e3bcaa4800 JavaThread "Unconstrained build operations Thread 6" [_thread_blocked, id=7328, stack(0x0000006d0ae00000,0x0000006d0af00000)]
  0x000001e3bcaab000 JavaThread "Unconstrained build operations Thread 7" [_thread_blocked, id=900, stack(0x0000006d0af00000,0x0000006d0b000000)]
  0x000001e3bcaa9800 JavaThread "Unconstrained build operations Thread 8" [_thread_blocked, id=8740, stack(0x0000006d0b000000,0x0000006d0b100000)]
  0x000001e3bcaaa000 JavaThread "Unconstrained build operations Thread 9" [_thread_blocked, id=8764, stack(0x0000006d0b100000,0x0000006d0b200000)]
  0x000001e3bcaa8800 JavaThread "Unconstrained build operations Thread 10" [_thread_blocked, id=5820, stack(0x0000006d0b200000,0x0000006d0b300000)]
  0x000001e3bcaa5000 JavaThread "Unconstrained build operations Thread 11" [_thread_blocked, id=5816, stack(0x0000006d0b300000,0x0000006d0b400000)]
  0x000001e3bcaa6000 JavaThread "Unconstrained build operations Thread 12" [_thread_blocked, id=1860, stack(0x0000006d0b400000,0x0000006d0b500000)]
  0x000001e3bcaa7000 JavaThread "Unconstrained build operations Thread 13" [_thread_blocked, id=4900, stack(0x0000006d0b500000,0x0000006d0b600000)]
  0x000001e3bdacf000 JavaThread "Unconstrained build operations Thread 14" [_thread_blocked, id=10472, stack(0x0000006d0b600000,0x0000006d0b700000)]
  0x000001e3bdad0000 JavaThread "Unconstrained build operations Thread 15" [_thread_blocked, id=9384, stack(0x0000006d0b700000,0x0000006d0b800000)]
  0x000001e3bdad0800 JavaThread "Unconstrained build operations Thread 16" [_thread_blocked, id=3256, stack(0x0000006d0b800000,0x0000006d0b900000)]
  0x000001e3bdad1800 JavaThread "Unconstrained build operations Thread 17" [_thread_blocked, id=12744, stack(0x0000006d0b900000,0x0000006d0ba00000)]
  0x000001e3bdacb800 JavaThread "Unconstrained build operations Thread 18" [_thread_blocked, id=7564, stack(0x0000006d0ba00000,0x0000006d0bb00000)]
  0x000001e3bdad2800 JavaThread "Unconstrained build operations Thread 19" [_thread_blocked, id=8792, stack(0x0000006d0bb00000,0x0000006d0bc00000)]
  0x000001e3bdacc800 JavaThread "Unconstrained build operations Thread 20" [_thread_blocked, id=11480, stack(0x0000006d0bc00000,0x0000006d0bd00000)]
  0x000001e3bdace000 JavaThread "Unconstrained build operations Thread 21" [_thread_blocked, id=9628, stack(0x0000006d0bd00000,0x0000006d0be00000)]
  0x000001e3bdad3000 JavaThread "Unconstrained build operations Thread 22" [_thread_blocked, id=6156, stack(0x0000006d0be00000,0x0000006d0bf00000)]
  0x000001e3bdacd800 JavaThread "Unconstrained build operations Thread 23" [_thread_blocked, id=13244, stack(0x0000006d0bf00000,0x0000006d0c000000)]
  0x000001e3bdad9000 JavaThread "Unconstrained build operations Thread 24" [_thread_blocked, id=10752, stack(0x0000006d0c000000,0x0000006d0c100000)]
  0x000001e3bdad4000 JavaThread "Unconstrained build operations Thread 25" [_thread_blocked, id=2108, stack(0x0000006d0c100000,0x0000006d0c200000)]
  0x000001e3bdada800 JavaThread "Unconstrained build operations Thread 26" [_thread_blocked, id=7236, stack(0x0000006d0c200000,0x0000006d0c300000)]
  0x000001e3bdad8000 JavaThread "Unconstrained build operations Thread 27" [_thread_blocked, id=9936, stack(0x0000006d0c300000,0x0000006d0c400000)]
  0x000001e3bdad4800 JavaThread "Unconstrained build operations Thread 28" [_thread_blocked, id=8536, stack(0x0000006d0c400000,0x0000006d0c500000)]
  0x000001e3bdad7000 JavaThread "Unconstrained build operations Thread 29" [_thread_blocked, id=11296, stack(0x0000006d0c500000,0x0000006d0c600000)]
  0x000001e3bdad5800 JavaThread "Unconstrained build operations Thread 30" [_thread_blocked, id=10764, stack(0x0000006d0c600000,0x0000006d0c700000)]
  0x000001e3bd7ba000 JavaThread "Unconstrained build operations Thread 31" [_thread_blocked, id=6084, stack(0x0000006d0c700000,0x0000006d0c800000)]
  0x000001e3bd7b8800 JavaThread "Unconstrained build operations Thread 32" [_thread_blocked, id=7496, stack(0x0000006d0c800000,0x0000006d0c900000)]
  0x000001e3bd7b7000 JavaThread "Unconstrained build operations Thread 33" [_thread_blocked, id=10912, stack(0x0000006d0c900000,0x0000006d0ca00000)]
  0x000001e3bd7b4800 JavaThread "Unconstrained build operations Thread 34" [_thread_blocked, id=8180, stack(0x0000006d0ca00000,0x0000006d0cb00000)]
  0x000001e3bd7bb000 JavaThread "Unconstrained build operations Thread 35" [_thread_blocked, id=6540, stack(0x0000006d0cb00000,0x0000006d0cc00000)]
  0x000001e3bd7b5800 JavaThread "Unconstrained build operations Thread 36" [_thread_blocked, id=7188, stack(0x0000006d0cc00000,0x0000006d0cd00000)]
  0x000001e3bd7b7800 JavaThread "Unconstrained build operations Thread 37" [_thread_blocked, id=11788, stack(0x0000006d0cd00000,0x0000006d0ce00000)]
  0x000001e3bd7bc000 JavaThread "Unconstrained build operations Thread 38" [_thread_blocked, id=6136, stack(0x0000006d0ce00000,0x0000006d0cf00000)]
  0x000001e3bd7bc800 JavaThread "Unconstrained build operations Thread 39" [_thread_blocked, id=4564, stack(0x0000006d0cf00000,0x0000006d0d000000)]
  0x000001e3bd7bd800 JavaThread "Unconstrained build operations Thread 40" [_thread_blocked, id=12520, stack(0x0000006d0d000000,0x0000006d0d100000)]
  0x000001e3b705a800 JavaThread "C2 CompilerThread1" daemon [_thread_in_native, id=11752, stack(0x0000006d0d100000,0x0000006d0d200000)]
  0x000001e3bd7bf000 JavaThread "build event listener" [_thread_blocked, id=9572, stack(0x0000006d0d200000,0x0000006d0d300000)]
  0x000001e3bd7be800 JavaThread "Execution worker for ':'" [_thread_blocked, id=1496, stack(0x0000006d0d300000,0x0000006d0d400000)]
  0x000001e3bd7b9800 JavaThread "Execution worker for ':' Thread 2" [_thread_blocked, id=8768, stack(0x0000006d0d600000,0x0000006d0d700000)]
  0x000001e3bd7c0000 JavaThread "Execution worker for ':' Thread 3" [_thread_in_native, id=8436, stack(0x0000006d0d700000,0x0000006d0d800000)]
  0x000001e3bd7c0800 JavaThread "Cache worker for execution history cache (C:\Users\yscs\AndroidStudioProjects\TermProj\.gradle\7.2\executionHistory)" [_thread_blocked, id=9604, stack(0x0000006d0d800000,0x0000006d0d900000)]
  0x000001e3bd7c1800 JavaThread "Build operations" [_thread_blocked, id=11380, stack(0x0000006d0d900000,0x0000006d0da00000)]
  0x000001e3bd7c2800 JavaThread "Build operations Thread 2" [_thread_blocked, id=1828, stack(0x0000006d0da00000,0x0000006d0db00000)]
  0x000001e3b945a000 JavaThread "Build operations Thread 3" [_thread_blocked, id=5692, stack(0x0000006d0dc00000,0x0000006d0dd00000)]
  0x000001e3b9457800 JavaThread "Build operations Thread 4" [_thread_blocked, id=10500, stack(0x0000006d0dd00000,0x0000006d0de00000)]

Other Threads:
  0x000001e3b663d000 VMThread "VM Thread" [stack: 0x0000006d08400000,0x0000006d08500000] [id=9892]
  0x000001e3b705b800 WatcherThread [stack: 0x0000006d08e00000,0x0000006d08f00000] [id=5960]
  0x000001e39ca76800 GCTaskThread "GC Thread#0" [stack: 0x0000006d07f00000,0x0000006d08000000] [id=6044]
  0x000001e3b7638800 GCTaskThread "GC Thread#1" [stack: 0x0000006d09000000,0x0000006d09100000] [id=10292]
  0x000001e3b7734000 GCTaskThread "GC Thread#2" [stack: 0x0000006d09100000,0x0000006d09200000] [id=8224]
  0x000001e3b7dc2800 GCTaskThread "GC Thread#3" [stack: 0x0000006d09c00000,0x0000006d09d00000] [id=7508]
  0x000001e39caa6800 ConcurrentGCThread "G1 Main Marker" [stack: 0x0000006d08000000,0x0000006d08100000] [id=10440]
=>0x000001e39caa9800 ConcurrentGCThread "G1 Conc#0" [stack: 0x0000006d08100000,0x0000006d08200000] [id=11644]
  0x000001e39cb38000 ConcurrentGCThread "G1 Refine#0" [stack: 0x0000006d08200000,0x0000006d08300000] [id=5320]
  0x000001e39cb39000 ConcurrentGCThread "G1 Young RemSet Sampling" [stack: 0x0000006d08300000,0x0000006d08400000] [id=7292]

Threads with active compile tasks:
C2 CompilerThread11787229 21331       4       com.android.build.gradle.options.ProjectOptions$OptionValue::access$000 (5 bytes)

VM state:not at safepoint (normal execution)

VM Mutex/Monitor currently owned by a thread: None

Heap address: 0x0000000080000000, size: 2048 MB, Compressed Oops mode: 32-bit
Narrow klass base: 0x0000000000000000, Narrow klass shift: 3
Compressed class space size: 1073741824 Address: 0x0000000100000000

Heap:
 garbage-first heap   total 189440K, used 114447K [0x0000000080000000, 0x0000000100000000)
  region size 1024K, 12 young (12288K), 2 survivors (2048K)
 Metaspace       used 116014K, capacity 119685K, committed 119944K, reserved 1153024K
  class space    used 14757K, capacity 16183K, committed 16256K, reserved 1048576K
Heap Regions: E=young(eden), S=young(survivor), O=old, HS=humongous(starts), HC=humongous(continues), CS=collection set, F=free, A=archive, TAMS=top-at-mark-start (previous, next)
|   0|0x0000000080000000, 0x0000000080100000, 0x0000000080100000|100%|HS|  |TAMS 0x0000000080100000, 0x0000000080100000| Complete 
|   1|0x0000000080100000, 0x0000000080200000, 0x0000000080200000|100%|HC|  |TAMS 0x0000000080200000, 0x0000000080200000| Complete 
|   2|0x0000000080200000, 0x0000000080300000, 0x0000000080300000|100%|HC|  |TAMS 0x0000000080300000, 0x0000000080300000| Complete 
|   3|0x0000000080300000, 0x0000000080400000, 0x0000000080400000|100%| O|  |TAMS 0x0000000080400000, 0x0000000080400000| Untracked 
|   4|0x0000000080400000, 0x0000000080500000, 0x0000000080500000|100%| O|  |TAMS 0x0000000080500000, 0x0000000080500000| Untracked 
|   5|0x0000000080500000, 0x0000000080600000, 0x0000000080600000|100%| O|  |TAMS 0x0000000080600000, 0x0000000080600000| Untracked 
|   6|0x0000000080600000, 0x0000000080700000, 0x0000000080700000|100%| O|  |TAMS 0x0000000080700000, 0x0000000080700000| Untracked 
|   7|0x0000000080700000, 0x0000000080800000, 0x0000000080800000|100%| O|  |TAMS 0x0000000080800000, 0x0000000080800000| Untracked 
|   8|0x0000000080800000, 0x0000000080900000, 0x0000000080900000|100%| O|  |TAMS 0x0000000080900000, 0x0000000080900000| Untracked 
|   9|0x0000000080900000, 0x0000000080a00000, 0x0000000080a00000|100%| O|  |TAMS 0x0000000080a00000, 0x0000000080a00000| Untracked 
|  10|0x0000000080a00000, 0x0000000080b00000, 0x0000000080b00000|100%| O|  |TAMS 0x0000000080b00000, 0x0000000080b00000| Untracked 
|  11|0x0000000080b00000, 0x0000000080c00000, 0x0000000080c00000|100%| O|  |TAMS 0x0000000080c00000, 0x0000000080c00000| Untracked 
|  12|0x0000000080c00000, 0x0000000080d00000, 0x0000000080d00000|100%| O|  |TAMS 0x0000000080d00000, 0x0000000080d00000| Untracked 
|  13|0x0000000080d00000, 0x0000000080e00000, 0x0000000080e00000|100%| O|  |TAMS 0x0000000080e00000, 0x0000000080e00000| Untracked 
|  14|0x0000000080e00000, 0x0000000080f00000, 0x0000000080f00000|100%| O|  |TAMS 0x0000000080f00000, 0x0000000080f00000| Untracked 
|  15|0x0000000080f00000, 0x0000000081000000, 0x0000000081000000|100%| O|  |TAMS 0x0000000081000000, 0x0000000081000000| Untracked 
|  16|0x0000000081000000, 0x0000000081100000, 0x0000000081100000|100%|HS|  |TAMS 0x0000000081100000, 0x0000000081100000| Complete 
|  17|0x0000000081100000, 0x0000000081200000, 0x0000000081200000|100%| O|  |TAMS 0x0000000081200000, 0x0000000081200000| Untracked 
|  18|0x0000000081200000, 0x0000000081300000, 0x0000000081300000|100%| O|  |TAMS 0x0000000081300000, 0x0000000081300000| Untracked 
|  19|0x0000000081300000, 0x0000000081400000, 0x0000000081400000|100%| O|  |TAMS 0x0000000081400000, 0x0000000081400000| Untracked 
|  20|0x0000000081400000, 0x0000000081500000, 0x0000000081500000|100%| O|  |TAMS 0x0000000081500000, 0x0000000081500000| Untracked 
|  21|0x0000000081500000, 0x0000000081600000, 0x0000000081600000|100%| O|  |TAMS 0x0000000081600000, 0x0000000081600000| Untracked 
|  22|0x0000000081600000, 0x0000000081700000, 0x0000000081700000|100%| O|  |TAMS 0x0000000081700000, 0x0000000081700000| Untracked 
|  23|0x0000000081700000, 0x0000000081800000, 0x0000000081800000|100%| O|  |TAMS 0x0000000081800000, 0x0000000081800000| Untracked 
|  24|0x0000000081800000, 0x0000000081900000, 0x0000000081900000|100%|HS|  |TAMS 0x0000000081900000, 0x0000000081900000| Complete 
|  25|0x0000000081900000, 0x0000000081a00000, 0x0000000081a00000|100%|HS|  |TAMS 0x0000000081a00000, 0x0000000081a00000| Complete 
|  26|0x0000000081a00000, 0x0000000081b00000, 0x0000000081b00000|100%|HS|  |TAMS 0x0000000081b00000, 0x0000000081b00000| Complete 
|  27|0x0000000081b00000, 0x0000000081c00000, 0x0000000081c00000|100%|HC|  |TAMS 0x0000000081c00000, 0x0000000081c00000| Complete 
|  28|0x0000000081c00000, 0x0000000081d00000, 0x0000000081d00000|100%| O|  |TAMS 0x0000000081d00000, 0x0000000081d00000| Untracked 
|  29|0x0000000081d00000, 0x0000000081e00000, 0x0000000081e00000|100%| O|  |TAMS 0x0000000081e00000, 0x0000000081e00000| Untracked 
|  30|0x0000000081e00000, 0x0000000081f00000, 0x0000000081f00000|100%| O|  |TAMS 0x0000000081f00000, 0x0000000081f00000| Untracked 
|  31|0x0000000081f00000, 0x0000000082000000, 0x0000000082000000|100%| O|  |TAMS 0x0000000082000000, 0x0000000082000000| Untracked 
|  32|0x0000000082000000, 0x0000000082100000, 0x0000000082100000|100%| O|  |TAMS 0x0000000082100000, 0x0000000082100000| Untracked 
|  33|0x0000000082100000, 0x0000000082200000, 0x0000000082200000|100%| O|  |TAMS 0x0000000082200000, 0x0000000082200000| Untracked 
|  34|0x0000000082200000, 0x0000000082300000, 0x0000000082300000|100%| O|  |TAMS 0x0000000082300000, 0x0000000082300000| Untracked 
|  35|0x0000000082300000, 0x0000000082400000, 0x0000000082400000|100%| O|  |TAMS 0x0000000082400000, 0x0000000082400000| Untracked 
|  36|0x0000000082400000, 0x0000000082500000, 0x0000000082500000|100%| O|  |TAMS 0x0000000082500000, 0x0000000082500000| Untracked 
|  37|0x0000000082500000, 0x0000000082600000, 0x0000000082600000|100%| O|  |TAMS 0x0000000082600000, 0x0000000082600000| Untracked 
|  38|0x0000000082600000, 0x0000000082700000, 0x0000000082700000|100%| O|  |TAMS 0x0000000082700000, 0x0000000082700000| Untracked 
|  39|0x0000000082700000, 0x0000000082800000, 0x0000000082800000|100%| O|  |TAMS 0x0000000082800000, 0x0000000082800000| Untracked 
|  40|0x0000000082800000, 0x0000000082900000, 0x0000000082900000|100%| O|  |TAMS 0x0000000082900000, 0x0000000082900000| Untracked 
|  41|0x0000000082900000, 0x0000000082a00000, 0x0000000082a00000|100%| O|  |TAMS 0x0000000082a00000, 0x0000000082a00000| Untracked 
|  42|0x0000000082a00000, 0x0000000082b00000, 0x0000000082b00000|100%| O|  |TAMS 0x0000000082b00000, 0x0000000082b00000| Untracked 
|  43|0x0000000082b00000, 0x0000000082b00000, 0x0000000082c00000|  0%| F|  |TAMS 0x0000000082b00000, 0x0000000082b00000| Untracked 
|  44|0x0000000082c00000, 0x0000000082d00000, 0x0000000082d00000|100%| O|  |TAMS 0x0000000082d00000, 0x0000000082d00000| Untracked 
|  45|0x0000000082d00000, 0x0000000082e00000, 0x0000000082e00000|100%| O|  |TAMS 0x0000000082e00000, 0x0000000082e00000| Untracked 
|  46|0x0000000082e00000, 0x0000000082f00000, 0x0000000082f00000|100%| O|  |TAMS 0x0000000082f00000, 0x0000000082f00000| Untracked 
|  47|0x0000000082f00000, 0x0000000083000000, 0x0000000083000000|100%| O|  |TAMS 0x0000000083000000, 0x0000000083000000| Untracked 
|  48|0x0000000083000000, 0x0000000083100000, 0x0000000083100000|100%| O|  |TAMS 0x0000000083100000, 0x0000000083100000| Untracked 
|  49|0x0000000083100000, 0x0000000083200000, 0x0000000083200000|100%| O|  |TAMS 0x0000000083200000, 0x0000000083200000| Untracked 
|  50|0x0000000083200000, 0x0000000083300000, 0x0000000083300000|100%| O|  |TAMS 0x0000000083300000, 0x0000000083300000| Untracked 
|  51|0x0000000083300000, 0x0000000083400000, 0x0000000083400000|100%| O|  |TAMS 0x0000000083400000, 0x0000000083400000| Untracked 
|  52|0x0000000083400000, 0x0000000083500000, 0x0000000083500000|100%| O|  |TAMS 0x0000000083500000, 0x0000000083500000| Untracked 
|  53|0x0000000083500000, 0x0000000083600000, 0x0000000083600000|100%| O|  |TAMS 0x0000000083600000, 0x0000000083600000| Untracked 
|  54|0x0000000083600000, 0x0000000083700000, 0x0000000083700000|100%| O|  |TAMS 0x0000000083700000, 0x0000000083700000| Untracked 
|  55|0x0000000083700000, 0x0000000083800000, 0x0000000083800000|100%| O|  |TAMS 0x0000000083800000, 0x0000000083800000| Untracked 
|  56|0x0000000083800000, 0x0000000083900000, 0x0000000083900000|100%| O|  |TAMS 0x0000000083900000, 0x0000000083900000| Untracked 
|  57|0x0000000083900000, 0x0000000083a00000, 0x0000000083a00000|100%| O|  |TAMS 0x0000000083a00000, 0x0000000083a00000| Untracked 
|  58|0x0000000083a00000, 0x0000000083b00000, 0x0000000083b00000|100%| O|  |TAMS 0x0000000083b00000, 0x0000000083b00000| Untracked 
|  59|0x0000000083b00000, 0x0000000083c00000, 0x0000000083c00000|100%| O|  |TAMS 0x0000000083c00000, 0x0000000083c00000| Untracked 
|  60|0x0000000083c00000, 0x0000000083d00000, 0x0000000083d00000|100%| O|  |TAMS 0x0000000083d00000, 0x0000000083d00000| Untracked 
|  61|0x0000000083d00000, 0x0000000083e00000, 0x0000000083e00000|100%| O|  |TAMS 0x0000000083e00000, 0x0000000083e00000| Untracked 
|  62|0x0000000083e00000, 0x0000000083f00000, 0x0000000083f00000|100%| O|  |TAMS 0x0000000083f00000, 0x0000000083f00000| Untracked 
|  63|0x0000000083f00000, 0x0000000084000000, 0x0000000084000000|100%| O|  |TAMS 0x0000000084000000, 0x0000000084000000| Untracked 
|  64|0x0000000084000000, 0x0000000084100000, 0x0000000084100000|100%| O|  |TAMS 0x0000000084100000, 0x0000000084100000| Untracked 
|  65|0x0000000084100000, 0x0000000084200000, 0x0000000084200000|100%| O|  |TAMS 0x0000000084200000, 0x0000000084200000| Untracked 
|  66|0x0000000084200000, 0x0000000084300000, 0x0000000084300000|100%| O|  |TAMS 0x0000000084300000, 0x0000000084300000| Untracked 
|  67|0x0000000084300000, 0x0000000084400000, 0x0000000084400000|100%| O|  |TAMS 0x0000000084400000, 0x0000000084400000| Untracked 
|  68|0x0000000084400000, 0x0000000084500000, 0x0000000084500000|100%| O|  |TAMS 0x0000000084500000, 0x0000000084500000| Untracked 
|  69|0x0000000084500000, 0x0000000084600000, 0x0000000084600000|100%| O|  |TAMS 0x0000000084600000, 0x0000000084600000| Untracked 
|  70|0x0000000084600000, 0x0000000084700000, 0x0000000084700000|100%| O|  |TAMS 0x0000000084700000, 0x0000000084700000| Untracked 
|  71|0x0000000084700000, 0x0000000084800000, 0x0000000084800000|100%| O|  |TAMS 0x0000000084800000, 0x0000000084800000| Untracked 
|  72|0x0000000084800000, 0x0000000084900000, 0x0000000084900000|100%| O|  |TAMS 0x0000000084900000, 0x0000000084900000| Untracked 
|  73|0x0000000084900000, 0x0000000084a00000, 0x0000000084a00000|100%| O|  |TAMS 0x0000000084a00000, 0x0000000084a00000| Untracked 
|  74|0x0000000084a00000, 0x0000000084b00000, 0x0000000084b00000|100%| O|  |TAMS 0x0000000084b00000, 0x0000000084b00000| Untracked 
|  75|0x0000000084b00000, 0x0000000084b00000, 0x0000000084c00000|  0%| F|  |TAMS 0x0000000084b00000, 0x0000000084b00000| Untracked 
|  76|0x0000000084c00000, 0x0000000084d00000, 0x0000000084d00000|100%| O|  |TAMS 0x0000000084d00000, 0x0000000084d00000| Untracked 
|  77|0x0000000084d00000, 0x0000000084e00000, 0x0000000084e00000|100%| O|  |TAMS 0x0000000084e00000, 0x0000000084e00000| Untracked 
|  78|0x0000000084e00000, 0x0000000084f00000, 0x0000000084f00000|100%|HS|  |TAMS 0x0000000084e00000, 0x0000000084e00000| Complete 
|  79|0x0000000084f00000, 0x0000000085000000, 0x0000000085000000|100%|HC|  |TAMS 0x0000000084f00000, 0x0000000084f00000| Complete 
|  80|0x0000000085000000, 0x0000000085100000, 0x0000000085100000|100%| O|  |TAMS 0x0000000085100000, 0x0000000085100000| Untracked 
|  81|0x0000000085100000, 0x0000000085100000, 0x0000000085200000|  0%| F|  |TAMS 0x0000000085100000, 0x0000000085100000| Untracked 
|  82|0x0000000085200000, 0x0000000085300000, 0x0000000085300000|100%| O|  |TAMS 0x0000000085300000, 0x0000000085300000| Untracked 
|  83|0x0000000085300000, 0x0000000085400000, 0x0000000085400000|100%| O|  |TAMS 0x0000000085400000, 0x0000000085400000| Untracked 
|  84|0x0000000085400000, 0x0000000085500000, 0x0000000085500000|100%| O|  |TAMS 0x0000000085500000, 0x0000000085500000| Untracked 
|  85|0x0000000085500000, 0x0000000085500000, 0x0000000085600000|  0%| F|  |TAMS 0x0000000085500000, 0x0000000085500000| Untracked 
|  86|0x0000000085600000, 0x0000000085600000, 0x0000000085700000|  0%| F|  |TAMS 0x0000000085600000, 0x0000000085600000| Untracked 
|  87|0x0000000085700000, 0x0000000085800000, 0x0000000085800000|100%| O|  |TAMS 0x0000000085800000, 0x0000000085800000| Untracked 
|  88|0x0000000085800000, 0x0000000085900000, 0x0000000085900000|100%| O|  |TAMS 0x0000000085900000, 0x0000000085900000| Untracked 
|  89|0x0000000085900000, 0x0000000085a00000, 0x0000000085a00000|100%| O|  |TAMS 0x0000000085a00000, 0x0000000085a00000| Untracked 
|  90|0x0000000085a00000, 0x0000000085a00000, 0x0000000085b00000|  0%| F|  |TAMS 0x0000000085a00000, 0x0000000085a00000| Untracked 
|  91|0x0000000085b00000, 0x0000000085c00000, 0x0000000085c00000|100%| O|  |TAMS 0x0000000085c00000, 0x0000000085c00000| Untracked 
|  92|0x0000000085c00000, 0x0000000085d00000, 0x0000000085d00000|100%| O|  |TAMS 0x0000000085c72e00, 0x0000000085d00000| Untracked 
|  93|0x0000000085d00000, 0x0000000085e00000, 0x0000000085e00000|100%| O|  |TAMS 0x0000000085d00000, 0x0000000085e00000| Untracked 
|  94|0x0000000085e00000, 0x0000000085f00000, 0x0000000085f00000|100%| O|  |TAMS 0x0000000085e00000, 0x0000000085f00000| Untracked 
|  95|0x0000000085f00000, 0x0000000086000000, 0x0000000086000000|100%|HS|  |TAMS 0x0000000086000000, 0x0000000086000000| Complete 
|  96|0x0000000086000000, 0x0000000086100000, 0x0000000086100000|100%|HC|  |TAMS 0x0000000086100000, 0x0000000086100000| Complete 
|  97|0x0000000086100000, 0x0000000086200000, 0x0000000086200000|100%| O|  |TAMS 0x0000000086100000, 0x0000000086200000| Untracked 
|  98|0x0000000086200000, 0x0000000086300000, 0x0000000086300000|100%| O|  |TAMS 0x0000000086200000, 0x0000000086300000| Untracked 
|  99|0x0000000086300000, 0x0000000086400000, 0x0000000086400000|100%| O|  |TAMS 0x0000000086300000, 0x0000000086400000| Untracked 
| 100|0x0000000086400000, 0x0000000086500000, 0x0000000086500000|100%| O|  |TAMS 0x0000000086400000, 0x0000000086500000| Untracked 
| 101|0x0000000086500000, 0x0000000086600000, 0x0000000086600000|100%| O|  |TAMS 0x0000000086500000, 0x0000000086600000| Untracked 
| 102|0x0000000086600000, 0x0000000086672600, 0x0000000086700000| 44%| O|  |TAMS 0x0000000086600000, 0x0000000086672600| Untracked 
| 103|0x0000000086700000, 0x0000000086800000, 0x0000000086800000|100%| O|  |TAMS 0x0000000086700000, 0x0000000086800000| Untracked 
| 104|0x0000000086800000, 0x0000000086900000, 0x0000000086900000|100%| O|  |TAMS 0x0000000086800000, 0x0000000086900000| Untracked 
| 105|0x0000000086900000, 0x0000000086a00000, 0x0000000086a00000|100%| O|  |TAMS 0x0000000086900000, 0x0000000086a00000| Untracked 
| 106|0x0000000086a00000, 0x0000000086a00000, 0x0000000086b00000|  0%| F|  |TAMS 0x0000000086a00000, 0x0000000086a00000| Untracked 
| 107|0x0000000086b00000, 0x0000000086b00000, 0x0000000086c00000|  0%| F|  |TAMS 0x0000000086b00000, 0x0000000086b00000| Untracked 
| 108|0x0000000086c00000, 0x0000000086d00000, 0x0000000086d00000|100%| O|  |TAMS 0x0000000086c00000, 0x0000000086d00000| Untracked 
| 109|0x0000000086d00000, 0x0000000086d00000, 0x0000000086e00000|  0%| F|  |TAMS 0x0000000086d00000, 0x0000000086d00000| Untracked 
| 110|0x0000000086e00000, 0x0000000086e00000, 0x0000000086f00000|  0%| F|  |TAMS 0x0000000086e00000, 0x0000000086e00000| Untracked 
| 111|0x0000000086f00000, 0x0000000087000000, 0x0000000087000000|100%| O|  |TAMS 0x0000000087000000, 0x0000000087000000| Untracked 
| 112|0x0000000087000000, 0x0000000087000000, 0x0000000087100000|  0%| F|  |TAMS 0x0000000087000000, 0x0000000087000000| Untracked 
| 113|0x0000000087100000, 0x0000000087100000, 0x0000000087200000|  0%| F|  |TAMS 0x0000000087100000, 0x0000000087100000| Untracked 
| 114|0x0000000087200000, 0x0000000087200000, 0x0000000087300000|  0%| F|  |TAMS 0x0000000087200000, 0x0000000087200000| Untracked 
| 115|0x0000000087300000, 0x0000000087300000, 0x0000000087400000|  0%| F|  |TAMS 0x0000000087300000, 0x0000000087300000| Untracked 
| 116|0x0000000087400000, 0x0000000087400000, 0x0000000087500000|  0%| F|  |TAMS 0x0000000087400000, 0x0000000087400000| Untracked 
| 117|0x0000000087500000, 0x0000000087500000, 0x0000000087600000|  0%| F|  |TAMS 0x0000000087500000, 0x0000000087500000| Untracked 
| 118|0x0000000087600000, 0x0000000087600000, 0x0000000087700000|  0%| F|  |TAMS 0x0000000087600000, 0x0000000087600000| Untracked 
| 119|0x0000000087700000, 0x0000000087700000, 0x0000000087800000|  0%| F|  |TAMS 0x0000000087700000, 0x0000000087700000| Untracked 
| 120|0x0000000087800000, 0x0000000087800000, 0x0000000087900000|  0%| F|  |TAMS 0x0000000087800000, 0x0000000087800000| Untracked 
| 121|0x0000000087900000, 0x0000000087900000, 0x0000000087a00000|  0%| F|  |TAMS 0x0000000087900000, 0x0000000087900000| Untracked 
| 122|0x0000000087a00000, 0x0000000087a00000, 0x0000000087b00000|  0%| F|  |TAMS 0x0000000087a00000, 0x0000000087a00000| Untracked 
| 123|0x0000000087b00000, 0x0000000087b00000, 0x0000000087c00000|  0%| F|  |TAMS 0x0000000087b00000, 0x0000000087b00000| Untracked 
| 124|0x0000000087c00000, 0x0000000087c00000, 0x0000000087d00000|  0%| F|  |TAMS 0x0000000087c00000, 0x0000000087c00000| Untracked 
| 125|0x0000000087d00000, 0x0000000087d00000, 0x0000000087e00000|  0%| F|  |TAMS 0x0000000087d00000, 0x0000000087d00000| Untracked 
| 126|0x0000000087e00000, 0x0000000087e00000, 0x0000000087f00000|  0%| F|  |TAMS 0x0000000087e00000, 0x0000000087e00000| Untracked 
| 127|0x0000000087f00000, 0x0000000087f00000, 0x0000000088000000|  0%| F|  |TAMS 0x0000000087f00000, 0x0000000087f00000| Untracked 
| 128|0x0000000088000000, 0x0000000088000000, 0x0000000088100000|  0%| F|  |TAMS 0x0000000088000000, 0x0000000088000000| Untracked 
| 129|0x0000000088100000, 0x0000000088100000, 0x0000000088200000|  0%| F|  |TAMS 0x0000000088100000, 0x0000000088100000| Untracked 
| 130|0x0000000088200000, 0x0000000088200000, 0x0000000088300000|  0%| F|  |TAMS 0x0000000088200000, 0x0000000088200000| Untracked 
| 131|0x0000000088300000, 0x0000000088300000, 0x0000000088400000|  0%| F|  |TAMS 0x0000000088300000, 0x0000000088300000| Untracked 
| 132|0x0000000088400000, 0x0000000088400000, 0x0000000088500000|  0%| F|  |TAMS 0x0000000088400000, 0x0000000088400000| Untracked 
| 133|0x0000000088500000, 0x0000000088500000, 0x0000000088600000|  0%| F|  |TAMS 0x0000000088500000, 0x0000000088500000| Untracked 
| 134|0x0000000088600000, 0x0000000088600000, 0x0000000088700000|  0%| F|  |TAMS 0x0000000088600000, 0x0000000088600000| Untracked 
| 135|0x0000000088700000, 0x0000000088700000, 0x0000000088800000|  0%| F|  |TAMS 0x0000000088700000, 0x0000000088700000| Untracked 
| 136|0x0000000088800000, 0x0000000088800000, 0x0000000088900000|  0%| F|  |TAMS 0x0000000088800000, 0x0000000088800000| Untracked 
| 137|0x0000000088900000, 0x0000000088900000, 0x0000000088a00000|  0%| F|  |TAMS 0x0000000088900000, 0x0000000088900000| Untracked 
| 138|0x0000000088a00000, 0x0000000088a00000, 0x0000000088b00000|  0%| F|  |TAMS 0x0000000088a00000, 0x0000000088a00000| Untracked 
| 139|0x0000000088b00000, 0x0000000088b00000, 0x0000000088c00000|  0%| F|  |TAMS 0x0000000088b00000, 0x0000000088b00000| Untracked 
| 140|0x0000000088c00000, 0x0000000088c00000, 0x0000000088d00000|  0%| F|  |TAMS 0x0000000088c00000, 0x0000000088c00000| Untracked 
| 141|0x0000000088d00000, 0x0000000088d00000, 0x0000000088e00000|  0%| F|  |TAMS 0x0000000088d00000, 0x0000000088d00000| Untracked 
| 142|0x0000000088e00000, 0x0000000088e00000, 0x0000000088f00000|  0%| F|  |TAMS 0x0000000088e00000, 0x0000000088e00000| Untracked 
| 143|0x0000000088f00000, 0x0000000088f00000, 0x0000000089000000|  0%| F|  |TAMS 0x0000000088f00000, 0x0000000088f00000| Untracked 
| 144|0x0000000089000000, 0x0000000089000000, 0x0000000089100000|  0%| F|  |TAMS 0x0000000089000000, 0x0000000089000000| Untracked 
| 145|0x0000000089100000, 0x0000000089100000, 0x0000000089200000|  0%| F|  |TAMS 0x0000000089100000, 0x0000000089100000| Untracked 
| 146|0x0000000089200000, 0x0000000089200000, 0x0000000089300000|  0%| F|  |TAMS 0x0000000089200000, 0x0000000089200000| Untracked 
| 147|0x0000000089300000, 0x0000000089300000, 0x0000000089400000|  0%| F|  |TAMS 0x0000000089300000, 0x0000000089300000| Untracked 
| 148|0x0000000089400000, 0x0000000089400000, 0x0000000089500000|  0%| F|  |TAMS 0x0000000089400000, 0x0000000089400000| Untracked 
| 149|0x0000000089500000, 0x0000000089500000, 0x0000000089600000|  0%| F|  |TAMS 0x0000000089500000, 0x0000000089500000| Untracked 
| 150|0x0000000089600000, 0x0000000089600000, 0x0000000089700000|  0%| F|  |TAMS 0x0000000089600000, 0x0000000089600000| Untracked 
| 151|0x0000000089700000, 0x0000000089700000, 0x0000000089800000|  0%| F|  |TAMS 0x0000000089700000, 0x0000000089700000| Untracked 
| 152|0x0000000089800000, 0x0000000089800000, 0x0000000089900000|  0%| F|  |TAMS 0x0000000089800000, 0x0000000089800000| Untracked 
| 153|0x0000000089900000, 0x0000000089900000, 0x0000000089a00000|  0%| F|  |TAMS 0x0000000089900000, 0x0000000089900000| Untracked 
| 154|0x0000000089a00000, 0x0000000089a00000, 0x0000000089b00000|  0%| F|  |TAMS 0x0000000089a00000, 0x0000000089a00000| Untracked 
| 155|0x0000000089b00000, 0x0000000089b00000, 0x0000000089c00000|  0%| F|  |TAMS 0x0000000089b00000, 0x0000000089b00000| Untracked 
| 156|0x0000000089c00000, 0x0000000089c00000, 0x0000000089d00000|  0%| F|  |TAMS 0x0000000089c00000, 0x0000000089c00000| Untracked 
| 157|0x0000000089d00000, 0x0000000089d00000, 0x0000000089e00000|  0%| F|  |TAMS 0x0000000089d00000, 0x0000000089d00000| Untracked 
| 158|0x0000000089e00000, 0x0000000089e00000, 0x0000000089f00000|  0%| F|  |TAMS 0x0000000089e00000, 0x0000000089e00000| Untracked 
| 159|0x0000000089f00000, 0x0000000089f00000, 0x000000008a000000|  0%| F|  |TAMS 0x0000000089f00000, 0x0000000089f00000| Untracked 
| 160|0x000000008a000000, 0x000000008a000000, 0x000000008a100000|  0%| F|  |TAMS 0x000000008a000000, 0x000000008a000000| Untracked 
| 161|0x000000008a100000, 0x000000008a100000, 0x000000008a200000|  0%| F|  |TAMS 0x000000008a100000, 0x000000008a100000| Untracked 
| 162|0x000000008a200000, 0x000000008a200000, 0x000000008a300000|  0%| F|  |TAMS 0x000000008a200000, 0x000000008a200000| Untracked 
| 163|0x000000008a300000, 0x000000008a300000, 0x000000008a400000|  0%| F|  |TAMS 0x000000008a300000, 0x000000008a300000| Untracked 
| 164|0x000000008a400000, 0x000000008a400000, 0x000000008a500000|  0%| F|  |TAMS 0x000000008a400000, 0x000000008a400000| Untracked 
| 165|0x000000008a500000, 0x000000008a500000, 0x000000008a600000|  0%| F|  |TAMS 0x000000008a500000, 0x000000008a500000| Untracked 
| 166|0x000000008a600000, 0x000000008a600000, 0x000000008a700000|  0%| F|  |TAMS 0x000000008a600000, 0x000000008a600000| Untracked 
| 167|0x000000008a700000, 0x000000008a700000, 0x000000008a800000|  0%| F|  |TAMS 0x000000008a700000, 0x000000008a700000| Untracked 
| 168|0x000000008a800000, 0x000000008a800000, 0x000000008a900000|  0%| F|  |TAMS 0x000000008a800000, 0x000000008a800000| Untracked 
| 169|0x000000008a900000, 0x000000008a900000, 0x000000008aa00000|  0%| F|  |TAMS 0x000000008a900000, 0x000000008a900000| Untracked 
| 170|0x000000008aa00000, 0x000000008aa00000, 0x000000008ab00000|  0%| F|  |TAMS 0x000000008aa00000, 0x000000008aa00000| Untracked 
| 171|0x000000008ab00000, 0x000000008ab00000, 0x000000008ac00000|  0%| F|  |TAMS 0x000000008ab00000, 0x000000008ab00000| Untracked 
| 172|0x000000008ac00000, 0x000000008ac00000, 0x000000008ad00000|  0%| F|  |TAMS 0x000000008ac00000, 0x000000008ac00000| Untracked 
| 173|0x000000008ad00000, 0x000000008ada0c18, 0x000000008ae00000| 62%| E|  |TAMS 0x000000008ad00000, 0x000000008ad00000| Complete 
| 174|0x000000008ae00000, 0x000000008af00000, 0x000000008af00000|100%| E|CS|TAMS 0x000000008ae00000, 0x000000008ae00000| Complete 
| 175|0x000000008af00000, 0x000000008b000000, 0x000000008b000000|100%| E|CS|TAMS 0x000000008af00000, 0x000000008af00000| Complete 
| 176|0x000000008b000000, 0x000000008b100000, 0x000000008b100000|100%| E|CS|TAMS 0x000000008b000000, 0x000000008b000000| Complete 
| 177|0x000000008b100000, 0x000000008b200000, 0x000000008b200000|100%| E|CS|TAMS 0x000000008b100000, 0x000000008b100000| Complete 
| 178|0x000000008b200000, 0x000000008b300000, 0x000000008b300000|100%| E|CS|TAMS 0x000000008b200000, 0x000000008b200000| Complete 
| 179|0x000000008b300000, 0x000000008b351680, 0x000000008b400000| 31%| S|CS|TAMS 0x000000008b300000, 0x000000008b300000| Complete 
| 180|0x000000008b400000, 0x000000008b500000, 0x000000008b500000|100%| E|CS|TAMS 0x000000008b400000, 0x000000008b400000| Complete 
| 181|0x000000008b500000, 0x000000008b600000, 0x000000008b600000|100%| E|CS|TAMS 0x000000008b500000, 0x000000008b500000| Complete 
| 182|0x000000008b600000, 0x000000008b700000, 0x000000008b700000|100%| S|CS|TAMS 0x000000008b600000, 0x000000008b600000| Complete 
| 183|0x000000008b700000, 0x000000008b800000, 0x000000008b800000|100%| E|CS|TAMS 0x000000008b700000, 0x000000008b700000| Complete 
| 184|0x000000008b800000, 0x000000008b900000, 0x000000008b900000|100%| E|CS|TAMS 0x000000008b800000, 0x000000008b800000| Complete 

Card table byte_map: [0x000001e3af960000,0x000001e3afd60000] _byte_map_base: 0x000001e3af560000

Marking Bits (Prev, Next): (CMBitMap*) 0x000001e39ca9d920, (CMBitMap*) 0x000001e39ca9d8e8
 Prev Bits: [0x000001e3b2160000, 0x000001e3b4160000)
 Next Bits: [0x000001e3b0160000, 0x000001e3b2160000)

Polling page: 0x000001e39a7e0000

Metaspace:

Usage:
  Non-class:    101.08 MB capacity,    98.88 MB ( 98%) used,     1.76 MB (  2%) free+waste,   446.00 KB ( <1%) overhead. 
      Class:     15.80 MB capacity,    14.41 MB ( 91%) used,     1.20 MB (  8%) free+waste,   199.50 KB (  1%) overhead. 
       Both:    116.88 MB capacity,   113.30 MB ( 97%) used,     2.95 MB (  3%) free+waste,   645.50 KB ( <1%) overhead. 

Virtual space:
  Non-class space:      102.00 MB reserved,     101.26 MB (>99%) committed 
      Class space:        1.00 GB reserved,      15.88 MB (  2%) committed 
             Both:        1.10 GB reserved,     117.13 MB ( 10%) committed 

Chunk freelists:
   Non-Class:  58.00 KB
       Class:  0 bytes
        Both:  58.00 KB

MaxMetaspaceSize: 17179869184.00 GB
CompressedClassSpaceSize: 1.00 GB

CodeHeap 'non-profiled nmethods': size=120064Kb used=14615Kb max_used=14615Kb free=105448Kb
 bounds [0x000001e3a8020000, 0x000001e3a8e70000, 0x000001e3af560000]
CodeHeap 'profiled nmethods': size=120000Kb used=46304Kb max_used=46304Kb free=73695Kb
 bounds [0x000001e3a0af0000, 0x000001e3a3840000, 0x000001e3a8020000]
CodeHeap 'non-nmethods': size=5696Kb used=2339Kb max_used=2440Kb free=3357Kb
 bounds [0x000001e3a0560000, 0x000001e3a07d0000, 0x000001e3a0af0000]
 total_blobs=21598 nmethods=20645 adapters=863
 compilation: enabled
              stopped_count=0, restarted_count=0
 full_count=0

Compilation events (20 events):
Event: 1787.104 Thread 0x000001e3b667a000 21493       4       org.gradle.api.internal.artifacts.DefaultModuleVersionIdentifier::getName (10 bytes)
Event: 1787.105 Thread 0x000001e3b667a000 nmethod 21493 0x000001e3a8e65a90 code [0x000001e3a8e65c20, 0x000001e3a8e65cb8]
Event: 1787.105 Thread 0x000001e3b667a000 21495       4       org.gradle.api.internal.artifacts.ivyservice.resolveengine.result.DependencyResultSerializer::write (116 bytes)
Event: 1787.112 Thread 0x000001e3b6f11000 21502       3       com.sun.tools.javac.code.Source::instance (55 bytes)
Event: 1787.112 Thread 0x000001e3b6f11000 nmethod 21502 0x000001e3a3830390 code [0x000001e3a3830660, 0x000001e3a3831608]
Event: 1787.115 Thread 0x000001e3b6f11000 21503       3       java.util.ResourceBundle::isValidBundle (17 bytes)
Event: 1787.115 Thread 0x000001e3b6f11000 nmethod 21503 0x000001e3a3831b10 code [0x000001e3a3831cc0, 0x000001e3a3831e38]
Event: 1787.116 Thread 0x000001e3b6f11000 21504       3       com.sun.tools.javac.parser.Tokens$StringToken::checkKind (43 bytes)
Event: 1787.116 Thread 0x000001e3b6f11000 nmethod 21504 0x000001e3a3831f10 code [0x000001e3a38321a0, 0x000001e3a3832b78]
Event: 1787.116 Thread 0x000001e3b6f11000 21505       3       com.sun.tools.javac.parser.JavacParser::variableDeclaratorsRest (86 bytes)
Event: 1787.117 Thread 0x000001e3b6f11000 nmethod 21505 0x000001e3a3832f90 code [0x000001e3a3833220, 0x000001e3a3833c38]
Event: 1787.118 Thread 0x000001e3b6f11000 21506       3       com.sun.tools.javac.util.Position$LineMapImpl::build (128 bytes)
Event: 1787.118 Thread 0x000001e3b6f11000 nmethod 21506 0x000001e3a3834110 code [0x000001e3a3834320, 0x000001e3a3834b98]
Event: 1787.118 Thread 0x000001e3b6f11000 21508       3       com.sun.tools.javac.parser.JavacParser::variableDeclarators (23 bytes)
Event: 1787.119 Thread 0x000001e3b6f11000 nmethod 21508 0x000001e3a3834e10 code [0x000001e3a3834fe0, 0x000001e3a3835238]
Event: 1787.119 Thread 0x000001e3b6f11000 21509       3       com.sun.tools.javac.parser.JavacParser::isRestrictedLocalVarTypeName (68 bytes)
Event: 1787.119 Thread 0x000001e3b6f11000 nmethod 21509 0x000001e3a3835390 code [0x000001e3a38355a0, 0x000001e3a3835ae8]
Event: 1787.119 Thread 0x000001e3b667a000 nmethod 21495 0x000001e3a8e65d90 code [0x000001e3a8e65fe0, 0x000001e3a8e66920]
Event: 1787.119 Thread 0x000001e3b667a000 21507       4       com.sun.tools.javac.parser.JavaTokenizer::isSpecial (136 bytes)
Event: 1787.120 Thread 0x000001e3b667a000 nmethod 21507 0x000001e3a8e67490 code [0x000001e3a8e67620, 0x000001e3a8e67738]

GC Heap History (20 events):
Event: 1670.909 GC heap before
{Heap before GC invocations=65 (full 0):
 garbage-first heap   total 189440K, used 104567K [0x0000000080000000, 0x0000000100000000)
  region size 1024K, 3 young (3072K), 2 survivors (2048K)
 Metaspace       used 115566K, capacity 119211K, committed 119432K, reserved 1153024K
  class space    used 14754K, capacity 16182K, committed 16256K, reserved 1048576K
}
Event: 1670.915 GC heap after
{Heap after GC invocations=66 (full 0):
 garbage-first heap   total 189440K, used 104429K [0x0000000080000000, 0x0000000100000000)
  region size 1024K, 2 young (2048K), 2 survivors (2048K)
 Metaspace       used 115566K, capacity 119211K, committed 119432K, reserved 1153024K
  class space    used 14754K, capacity 16182K, committed 16256K, reserved 1048576K
}
Event: 1671.353 GC heap before
{Heap before GC invocations=67 (full 0):
 garbage-first heap   total 189440K, used 149485K [0x0000000080000000, 0x0000000100000000)
  region size 1024K, 45 young (46080K), 2 survivors (2048K)
 Metaspace       used 115657K, capacity 119346K, committed 119432K, reserved 1153024K
  class space    used 14754K, capacity 16182K, committed 16256K, reserved 1048576K
}
Event: 1671.356 GC heap after
{Heap after GC invocations=68 (full 0):
 garbage-first heap   total 189440K, used 106862K [0x0000000080000000, 0x0000000100000000)
  region size 1024K, 2 young (2048K), 2 survivors (2048K)
 Metaspace       used 115657K, capacity 119346K, committed 119432K, reserved 1153024K
  class space    used 14754K, capacity 16182K, committed 16256K, reserved 1048576K
}
Event: 1671.414 GC heap before
{Heap before GC invocations=68 (full 0):
 garbage-first heap   total 189440K, used 114030K [0x0000000080000000, 0x0000000100000000)
  region size 1024K, 9 young (9216K), 2 survivors (2048K)
 Metaspace       used 115657K, capacity 119346K, committed 119432K, reserved 1153024K
  class space    used 14754K, capacity 16182K, committed 16256K, reserved 1048576K
}
Event: 1671.419 GC heap after
{Heap after GC invocations=69 (full 0):
 garbage-first heap   total 189440K, used 90431K [0x0000000080000000, 0x0000000100000000)
  region size 1024K, 1 young (1024K), 1 survivors (1024K)
 Metaspace       used 115657K, capacity 119346K, committed 119432K, reserved 1153024K
  class space    used 14754K, capacity 16182K, committed 16256K, reserved 1048576K
}
Event: 1671.463 GC heap before
{Heap before GC invocations=69 (full 0):
 garbage-first heap   total 189440K, used 94527K [0x0000000080000000, 0x0000000100000000)
  region size 1024K, 7 young (7168K), 1 survivors (1024K)
 Metaspace       used 115657K, capacity 119346K, committed 119432K, reserved 1153024K
  class space    used 14754K, capacity 16182K, committed 16256K, reserved 1048576K
}
Event: 1671.465 GC heap after
{Heap after GC invocations=70 (full 0):
 garbage-first heap   total 189440K, used 90581K [0x0000000080000000, 0x0000000100000000)
  region size 1024K, 1 young (1024K), 1 survivors (1024K)
 Metaspace       used 115657K, capacity 119346K, committed 119432K, reserved 1153024K
  class space    used 14754K, capacity 16182K, committed 16256K, reserved 1048576K
}
Event: 1696.159 GC heap before
{Heap before GC invocations=71 (full 0):
 garbage-first heap   total 189440K, used 161237K [0x0000000080000000, 0x0000000100000000)
  region size 1024K, 60 young (61440K), 1 survivors (1024K)
 Metaspace       used 115758K, capacity 119412K, committed 119688K, reserved 1153024K
  class space    used 14755K, capacity 16182K, committed 16256K, reserved 1048576K
}
Event: 1696.178 GC heap after
{Heap after GC invocations=72 (full 0):
 garbage-first heap   total 189440K, used 101991K [0x0000000080000000, 0x0000000100000000)
  region size 1024K, 8 young (8192K), 8 survivors (8192K)
 Metaspace       used 115758K, capacity 119412K, committed 119688K, reserved 1153024K
  class space    used 14755K, capacity 16182K, committed 16256K, reserved 1048576K
}
Event: 1696.183 GC heap before
{Heap before GC invocations=72 (full 0):
 garbage-first heap   total 189440K, used 103015K [0x0000000080000000, 0x0000000100000000)
  region size 1024K, 9 young (9216K), 8 survivors (8192K)
 Metaspace       used 115758K, capacity 119412K, committed 119688K, reserved 1153024K
  class space    used 14755K, capacity 16182K, committed 16256K, reserved 1048576K
}
Event: 1696.191 GC heap after
{Heap after GC invocations=73 (full 0):
 garbage-first heap   total 189440K, used 101831K [0x0000000080000000, 0x0000000100000000)
  region size 1024K, 1 young (1024K), 1 survivors (1024K)
 Metaspace       used 115758K, capacity 119412K, committed 119688K, reserved 1153024K
  class space    used 14755K, capacity 16182K, committed 16256K, reserved 1048576K
}
Event: 1696.559 GC heap before
{Heap before GC invocations=73 (full 0):
 garbage-first heap   total 189440K, used 145863K [0x0000000080000000, 0x0000000100000000)
  region size 1024K, 46 young (47104K), 1 survivors (1024K)
 Metaspace       used 115909K, capacity 119618K, committed 119944K, reserved 1153024K
  class space    used 14756K, capacity 16183K, committed 16256K, reserved 1048576K
}
Event: 1696.566 GC heap after
{Heap after GC invocations=74 (full 0):
 garbage-first heap   total 189440K, used 105401K [0x0000000080000000, 0x0000000100000000)
  region size 1024K, 5 young (5120K), 5 survivors (5120K)
 Metaspace       used 115909K, capacity 119618K, committed 119944K, reserved 1153024K
  class space    used 14756K, capacity 16183K, committed 16256K, reserved 1048576K
}
Event: 1787.019 GC heap before
{Heap before GC invocations=75 (full 0):
 garbage-first heap   total 189440K, used 159673K [0x0000000080000000, 0x0000000100000000)
  region size 1024K, 50 young (51200K), 5 survivors (5120K)
 Metaspace       used 116007K, capacity 119685K, committed 119944K, reserved 1153024K
  class space    used 14757K, capacity 16183K, committed 16256K, reserved 1048576K
}
Event: 1787.032 GC heap after
{Heap after GC invocations=76 (full 0):
 garbage-first heap   total 189440K, used 110354K [0x0000000080000000, 0x0000000100000000)
  region size 1024K, 6 young (6144K), 6 survivors (6144K)
 Metaspace       used 116007K, capacity 119685K, committed 119944K, reserved 1153024K
  class space    used 14757K, capacity 16183K, committed 16256K, reserved 1048576K
}
Event: 1787.054 GC heap before
{Heap before GC invocations=76 (full 0):
 garbage-first heap   total 189440K, used 113426K [0x0000000080000000, 0x0000000100000000)
  region size 1024K, 9 young (9216K), 6 survivors (6144K)
 Metaspace       used 116009K, capacity 119685K, committed 119944K, reserved 1153024K
  class space    used 14757K, capacity 16183K, committed 16256K, reserved 1048576K
}
Event: 1787.065 GC heap after
{Heap after GC invocations=77 (full 0):
 garbage-first heap   total 189440K, used 103092K [0x0000000080000000, 0x0000000100000000)
  region size 1024K, 2 young (2048K), 2 survivors (2048K)
 Metaspace       used 116009K, capacity 119685K, committed 119944K, reserved 1153024K
  class space    used 14757K, capacity 16183K, committed 16256K, reserved 1048576K
}
Event: 1787.122 GC heap before
{Heap before GC invocations=77 (full 0):
 garbage-first heap   total 189440K, used 104116K [0x0000000080000000, 0x0000000100000000)
  region size 1024K, 4 young (4096K), 2 survivors (2048K)
 Metaspace       used 116014K, capacity 119685K, committed 119944K, reserved 1153024K
  class space    used 14757K, capacity 16183K, committed 16256K, reserved 1048576K
}
Event: 1787.129 GC heap after
{Heap after GC invocations=78 (full 0):
 garbage-first heap   total 189440K, used 103183K [0x0000000080000000, 0x0000000100000000)
  region size 1024K, 2 young (2048K), 2 survivors (2048K)
 Metaspace       used 116014K, capacity 119685K, committed 119944K, reserved 1153024K
  class space    used 14757K, capacity 16183K, committed 16256K, reserved 1048576K
}

Deoptimization events (20 events):
Event: 1670.673 Thread 0x000001e3c1af7800 DEOPT PACKING pc=0x000001e3a27590ba sp=0x0000006d08ffa3e0
Event: 1670.673 Thread 0x000001e3c1af7800 DEOPT UNPACKING pc=0x000001e3a0586dde sp=0x0000006d08ff9888 mode 0
Event: 1671.478 Thread 0x000001e3b945b000 Uncommon trap: trap_request=0xffffff4d fr.pc=0x000001e3a81b1164 relative=0x00000000000004a4
Event: 1671.478 Thread 0x000001e3b945b000 Uncommon trap: reason=unstable_if action=reinterpret pc=0x000001e3a81b1164 method=java.math.MutableBigInteger.mul(ILjava/math/MutableBigInteger;)V @ 2 c2
Event: 1671.478 Thread 0x000001e3b945b000 DEOPT PACKING pc=0x000001e3a81b1164 sp=0x0000006d0e1fd2f0
Event: 1671.478 Thread 0x000001e3b945b000 DEOPT UNPACKING pc=0x000001e3a058662f sp=0x0000006d0e1fd278 mode 2
Event: 1695.894 Thread 0x000001e3bd7b7800 Uncommon trap: trap_request=0xfffffff4 fr.pc=0x000001e3a8dfb418 relative=0x0000000000000158
Event: 1695.894 Thread 0x000001e3bd7b7800 Uncommon trap: reason=null_check action=make_not_entrant pc=0x000001e3a8dfb418 method=org.gradle.api.internal.tasks.properties.bean.AbstractNestedRuntimeBeanNode$BeanPropertyValue.isConfigurable()Z @ 9 c2
Event: 1695.894 Thread 0x000001e3bd7b7800 DEOPT PACKING pc=0x000001e3a8dfb418 sp=0x0000006d0d6fdb90
Event: 1695.894 Thread 0x000001e3bd7b7800 DEOPT UNPACKING pc=0x000001e3a058662f sp=0x0000006d0d6fdab8 mode 2
Event: 1696.202 Thread 0x000001e3c1af7800 Uncommon trap: trap_request=0xfffffff4 fr.pc=0x000001e3a8661f34 relative=0x0000000000000db4
Event: 1696.202 Thread 0x000001e3c1af7800 Uncommon trap: reason=null_check action=make_not_entrant pc=0x000001e3a8661f34 method=com.sun.tools.javac.util.UnsharedNameTable.fromUtf([BII)Lcom/sun/tools/javac/util/Name; @ 50 c2
Event: 1696.202 Thread 0x000001e3c1af7800 DEOPT PACKING pc=0x000001e3a8661f34 sp=0x0000006d08ff4f10
Event: 1696.202 Thread 0x000001e3c1af7800 DEOPT UNPACKING pc=0x000001e3a058662f sp=0x0000006d08ff4eb8 mode 2
Event: 1786.842 Thread 0x000001e3c1af9800 Uncommon trap: trap_request=0xfffffff4 fr.pc=0x000001e3a8df1d8c relative=0x000000000000014c
Event: 1786.842 Thread 0x000001e3c1af9800 Uncommon trap: reason=null_check action=make_not_entrant pc=0x000001e3a8df1d8c method=org.gradle.api.internal.collections.CollectionFilter.filter(Ljava/lang/Object;)Ljava/lang/Object; @ 5 c2
Event: 1786.842 Thread 0x000001e3c1af9800 DEOPT PACKING pc=0x000001e3a8df1d8c sp=0x0000006d08ffa250
Event: 1786.842 Thread 0x000001e3c1af9800 DEOPT UNPACKING pc=0x000001e3a058662f sp=0x0000006d08ffa1f0 mode 2
Event: 1786.858 Thread 0x000001e3c1af9800 DEOPT PACKING pc=0x000001e3a27590ba sp=0x0000006d08ff91b0
Event: 1786.858 Thread 0x000001e3c1af9800 DEOPT UNPACKING pc=0x000001e3a0586dde sp=0x0000006d08ff8658 mode 0

Classes redefined (0 events):
No events

Internal exceptions (20 events):
Event: 1696.238 Thread 0x000001e3c1af7800 Exception <a 'sun/nio/fs/WindowsException'{0x000000008ac25038}> (0x000000008ac25038) thrown at [./src/hotspot/share/prims/jni.cpp, line 615]
Event: 1696.242 Thread 0x000001e3c1af7800 Exception <a 'sun/nio/fs/WindowsException'{0x000000008acda8b0}> (0x000000008acda8b0) thrown at [./src/hotspot/share/prims/jni.cpp, line 615]
Event: 1696.340 Thread 0x000001e3bd7c0800 Exception <a 'sun/nio/fs/WindowsException'{0x000000008a480e48}> (0x000000008a480e48) thrown at [./src/hotspot/share/prims/jni.cpp, line 615]
Event: 1696.386 Thread 0x000001e3bd7c0800 Exception <a 'sun/nio/fs/WindowsException'{0x0000000089edd848}> (0x0000000089edd848) thrown at [./src/hotspot/share/prims/jni.cpp, line 615]
Event: 1696.414 Thread 0x000001e3c1af9800 Exception <a 'sun/nio/fs/WindowsException'{0x0000000089cb5268}> (0x0000000089cb5268) thrown at [./src/hotspot/share/prims/jni.cpp, line 615]
Event: 1696.421 Thread 0x000001e3c1af9800 Exception <a 'sun/nio/fs/WindowsException'{0x0000000089b99d80}> (0x0000000089b99d80) thrown at [./src/hotspot/share/prims/jni.cpp, line 615]
Event: 1696.610 Thread 0x000001e3c1af7800 Exception <a 'sun/nio/fs/WindowsException'{0x000000008b8db5b0}> (0x000000008b8db5b0) thrown at [./src/hotspot/share/prims/jni.cpp, line 615]
Event: 1696.610 Thread 0x000001e3c1af7800 Exception <a 'sun/nio/fs/WindowsException'{0x000000008b8db720}> (0x000000008b8db720) thrown at [./src/hotspot/share/prims/jni.cpp, line 615]
Event: 1696.610 Thread 0x000001e3c1af7800 Exception <a 'sun/nio/fs/WindowsException'{0x000000008b8dd088}> (0x000000008b8dd088) thrown at [./src/hotspot/share/prims/jni.cpp, line 615]
Event: 1786.825 Thread 0x000001e3c1af9800 Exception <a 'sun/nio/fs/WindowsException'{0x000000008a0f7950}> (0x000000008a0f7950) thrown at [./src/hotspot/share/prims/jni.cpp, line 615]
Event: 1786.842 Thread 0x000001e3c1af9800 Implicit null exception at 0x000001e3a8df1c77 to 0x000001e3a8df1d7c
Event: 1786.845 Thread 0x000001e3c1af9800 Exception <a 'java/lang/NoClassDefFoundError'{0x0000000089c14510}: org/jetbrains/kotlin/gradle/plugin/KotlinBasePluginWrapper> (0x0000000089c14510) thrown at [./src/hotspot/share/oops/constantPool.cpp, line 775]
Event: 1786.865 Thread 0x000001e3c1af9800 Exception <a 'sun/nio/fs/WindowsException'{0x0000000089a9ea48}> (0x0000000089a9ea48) thrown at [./src/hotspot/share/prims/jni.cpp, line 615]
Event: 1786.871 Thread 0x000001e3c1af9800 Exception <a 'sun/nio/fs/WindowsException'{0x00000000899419b0}> (0x00000000899419b0) thrown at [./src/hotspot/share/prims/jni.cpp, line 615]
Event: 1786.871 Thread 0x000001e3c1af9800 Exception <a 'sun/nio/fs/WindowsException'{0x0000000089942c18}> (0x0000000089942c18) thrown at [./src/hotspot/share/prims/jni.cpp, line 615]
Event: 1786.871 Thread 0x000001e3c1af9800 Exception <a 'sun/nio/fs/WindowsException'{0x0000000089943ed0}> (0x0000000089943ed0) thrown at [./src/hotspot/share/prims/jni.cpp, line 615]
Event: 1786.871 Thread 0x000001e3c1af9800 Exception <a 'sun/nio/fs/WindowsException'{0x00000000899453d8}> (0x00000000899453d8) thrown at [./src/hotspot/share/prims/jni.cpp, line 615]
Event: 1787.110 Thread 0x000001e3bd7c0000 Exception <a 'sun/nio/fs/WindowsException'{0x000000008b8f3ec8}> (0x000000008b8f3ec8) thrown at [./src/hotspot/share/prims/jni.cpp, line 615]
Event: 1787.120 Thread 0x000001e3bd7c0000 Exception <a 'sun/nio/fs/WindowsException'{0x000000008b7b76f0}> (0x000000008b7b76f0) thrown at [./src/hotspot/share/prims/jni.cpp, line 615]
Event: 1787.120 Thread 0x000001e3bd7c0000 Exception <a 'sun/nio/fs/WindowsException'{0x000000008b7b77f8}> (0x000000008b7b77f8) thrown at [./src/hotspot/share/prims/jni.cpp, line 615]

Events (20 events):
Event: 1787.004 Executing VM operation: RevokeBias
Event: 1787.004 Executing VM operation: RevokeBias done
Event: 1787.004 Executing VM operation: RevokeBias
Event: 1787.004 Executing VM operation: RevokeBias done
Event: 1787.004 Executing VM operation: RevokeBias
Event: 1787.004 Executing VM operation: RevokeBias done
Event: 1787.004 Executing VM operation: RevokeBias
Event: 1787.004 Executing VM operation: RevokeBias done
Event: 1787.004 Executing VM operation: BulkRevokeBias
Event: 1787.006 Executing VM operation: BulkRevokeBias done
Event: 1787.019 Executing VM operation: G1CollectForAllocation
Event: 1787.032 Executing VM operation: G1CollectForAllocation done
Event: 1787.042 Thread 0x000001e3bd7c1800 Thread added: 0x000001e3bd7c1800
Event: 1787.042 Thread 0x000001e3bd7c2800 Thread added: 0x000001e3bd7c2800
Event: 1787.042 Thread 0x000001e3b945a000 Thread added: 0x000001e3b945a000
Event: 1787.042 Thread 0x000001e3b9457800 Thread added: 0x000001e3b9457800
Event: 1787.053 Executing VM operation: G1CollectForAllocation
Event: 1787.065 Executing VM operation: G1CollectForAllocation done
Event: 1787.122 Executing VM operation: G1CollectForAllocation
Event: 1787.129 Executing VM operation: G1CollectForAllocation done


Dynamic libraries:
0x00007ff6e82d0000 - 0x00007ff6e82da000 	C:\Program Files\Android\Android Studio\jre\bin\java.exe
0x00007fffd7350000 - 0x00007fffd7545000 	C:\windows\SYSTEM32\ntdll.dll
0x00007fffd6ae0000 - 0x00007fffd6b9d000 	C:\windows\System32\KERNEL32.DLL
0x00007fffd4c50000 - 0x00007fffd4f1d000 	C:\windows\System32\KERNELBASE.dll
0x00007fffd4fa0000 - 0x00007fffd50a0000 	C:\windows\System32\ucrtbase.dll
0x00007fffae4e0000 - 0x00007fffae4f7000 	C:\Program Files\Android\Android Studio\jre\bin\VCRUNTIME140.dll
0x00007fffa71f0000 - 0x00007fffa7209000 	C:\Program Files\Android\Android Studio\jre\bin\jli.dll
0x00007fffd5b70000 - 0x00007fffd5d10000 	C:\windows\System32\USER32.dll
0x00007fffd4a60000 - 0x00007fffd4a82000 	C:\windows\System32\win32u.dll
0x00007fffd6560000 - 0x00007fffd658a000 	C:\windows\System32\GDI32.dll
0x00007fffd4b40000 - 0x00007fffd4c4b000 	C:\windows\System32\gdi32full.dll
0x00007fffd5110000 - 0x00007fffd51ad000 	C:\windows\System32\msvcp_win.dll
0x00007fffb3180000 - 0x00007fffb341a000 	C:\windows\WinSxS\amd64_microsoft.windows.common-controls_6595b64144ccf1df_6.0.19041.1110_none_60b5254171f9507e\COMCTL32.dll
0x00007fffd5e90000 - 0x00007fffd5f2e000 	C:\windows\System32\msvcrt.dll
0x00007fffd60b0000 - 0x00007fffd60e0000 	C:\windows\System32\IMM32.DLL
0x00007fff951f0000 - 0x00007fff9528d000 	C:\Program Files\Android\Android Studio\jre\bin\msvcp140.dll
0x00007fff93aa0000 - 0x00007fff94575000 	C:\Program Files\Android\Android Studio\jre\bin\server\jvm.dll
0x00007fffd6670000 - 0x00007fffd671e000 	C:\windows\System32\ADVAPI32.dll
0x00007fffd7090000 - 0x00007fffd712c000 	C:\windows\System32\sechost.dll
0x00007fffd6d50000 - 0x00007fffd6e75000 	C:\windows\System32\RPCRT4.dll
0x00007fffd7080000 - 0x00007fffd7088000 	C:\windows\System32\PSAPI.DLL
0x00007fffbfcf0000 - 0x00007fffbfcf9000 	C:\windows\SYSTEM32\WSOCK32.dll
0x00007fffd6590000 - 0x00007fffd65fb000 	C:\windows\System32\WS2_32.dll
0x00007fffc5580000 - 0x00007fffc55a7000 	C:\windows\SYSTEM32\WINMM.dll
0x00007fffccb80000 - 0x00007fffccb8a000 	C:\windows\SYSTEM32\VERSION.dll
0x00007fffd2980000 - 0x00007fffd2992000 	C:\windows\SYSTEM32\kernel.appcore.dll
0x00007fffcf380000 - 0x00007fffcf391000 	C:\Program Files\Android\Android Studio\jre\bin\verify.dll
0x00007fffcfd60000 - 0x00007fffcff44000 	C:\windows\SYSTEM32\DBGHELP.DLL
0x00007fffcfbd0000 - 0x00007fffcfbfc000 	C:\windows\SYSTEM32\dbgcore.DLL
0x00007fffd5310000 - 0x00007fffd5392000 	C:\windows\System32\bcryptPrimitives.dll
0x00007fffca6b0000 - 0x00007fffca6d9000 	C:\Program Files\Android\Android Studio\jre\bin\java.dll
0x00007fffcf370000 - 0x00007fffcf37b000 	C:\Program Files\Android\Android Studio\jre\bin\jimage.dll
0x00007fffca690000 - 0x00007fffca6a8000 	C:\Program Files\Android\Android Studio\jre\bin\zip.dll
0x00007fffd5420000 - 0x00007fffd5b64000 	C:\windows\System32\SHELL32.dll
0x00007fffd2b80000 - 0x00007fffd3314000 	C:\windows\SYSTEM32\windows.storage.dll
0x00007fffd6780000 - 0x00007fffd6ad4000 	C:\windows\System32\combase.dll
0x00007fffd44c0000 - 0x00007fffd44ec000 	C:\windows\SYSTEM32\Wldp.dll
0x00007fffd7130000 - 0x00007fffd71dd000 	C:\windows\System32\SHCORE.dll
0x00007fffd53c0000 - 0x00007fffd5415000 	C:\windows\System32\shlwapi.dll
0x00007fffd49a0000 - 0x00007fffd49bf000 	C:\windows\SYSTEM32\profapi.dll
0x00007fffc24c0000 - 0x00007fffc24da000 	C:\Program Files\Android\Android Studio\jre\bin\net.dll
0x00007fffd0020000 - 0x00007fffd012a000 	C:\windows\SYSTEM32\WINHTTP.dll
0x00007fffd4220000 - 0x00007fffd428a000 	C:\windows\system32\mswsock.dll
0x00007fffc24a0000 - 0x00007fffc24b4000 	C:\Program Files\Android\Android Studio\jre\bin\nio.dll
0x00007fffb7090000 - 0x00007fffb70b7000 	C:\Users\yscs\.gradle\native\e1d6ef7f7dcc3fd88c89a11ec53ec762bb8ba0a96d01ffa2cd45eb1d1d8dd5c5\windows-amd64\native-platform.dll
0x00007fff950a0000 - 0x00007fff951e4000 	C:\Users\yscs\.gradle\native\5664cfc778a61ccfe75a443a1ab52a65af34e5dc3c78e0209fed803814484fcb\windows-amd64\native-platform-file-events.dll
0x00007fffc2490000 - 0x00007fffc249a000 	C:\Program Files\Android\Android Studio\jre\bin\management.dll
0x00007fffc2480000 - 0x00007fffc248d000 	C:\Program Files\Android\Android Studio\jre\bin\management_ext.dll
0x00007fffd4410000 - 0x00007fffd4428000 	C:\windows\SYSTEM32\CRYPTSP.dll
0x00007fffd3b30000 - 0x00007fffd3b64000 	C:\windows\system32\rsaenh.dll
0x00007fffd4f20000 - 0x00007fffd4f47000 	C:\windows\System32\bcrypt.dll
0x00007fffd4960000 - 0x00007fffd498e000 	C:\windows\SYSTEM32\USERENV.dll
0x00007fffd4430000 - 0x00007fffd443c000 	C:\windows\SYSTEM32\CRYPTBASE.dll
0x00007fffd3ec0000 - 0x00007fffd3efb000 	C:\windows\SYSTEM32\IPHLPAPI.DLL
0x00007fffd5f90000 - 0x00007fffd5f98000 	C:\windows\System32\NSI.dll
0x00007fffcf190000 - 0x00007fffcf1a7000 	C:\windows\SYSTEM32\dhcpcsvc6.DLL
0x00007fffcf0b0000 - 0x00007fffcf0cd000 	C:\windows\SYSTEM32\dhcpcsvc.DLL
0x00007fffd3f10000 - 0x00007fffd3fdb000 	C:\windows\SYSTEM32\DNSAPI.dll
0x00007fffbb9e0000 - 0x00007fffbba07000 	C:\Program Files\Android\Android Studio\jre\bin\sunec.dll

dbghelp: loaded successfully - version: 4.0.5 - missing functions: none
symbol engine: initialized successfully - sym options: 0x614 - pdb path: .;C:\Program Files\Android\Android Studio\jre\bin;C:\windows\SYSTEM32;C:\windows\WinSxS\amd64_microsoft.windows.common-controls_6595b64144ccf1df_6.0.19041.1110_none_60b5254171f9507e;C:\Program Files\Android\Android Studio\jre\bin\server;C:\Users\yscs\.gradle\native\e1d6ef7f7dcc3fd88c89a11ec53ec762bb8ba0a96d01ffa2cd45eb1d1d8dd5c5\windows-amd64;C:\Users\yscs\.gradle\native\5664cfc778a61ccfe75a443a1ab52a65af34e5dc3c78e0209fed803814484fcb\windows-amd64

VM Arguments:
jvm_args: --add-opens=java.base/java.util=ALL-UNNAMED --add-opens=java.base/java.lang=ALL-UNNAMED --add-opens=java.base/java.lang.invoke=ALL-UNNAMED --add-opens=java.base/java.util=ALL-UNNAMED --add-opens=java.prefs/java.util.prefs=ALL-UNNAMED --add-opens=java.prefs/java.util.prefs=ALL-UNNAMED --add-opens=java.base/java.nio.charset=ALL-UNNAMED --add-opens=java.base/java.net=ALL-UNNAMED --add-opens=java.base/java.util.concurrent.atomic=ALL-UNNAMED -Xmx2048m -Dfile.encoding=UTF-8 -Duser.country=KR -Duser.language=ko -Duser.variant 
java_command: org.gradle.launcher.daemon.bootstrap.GradleDaemon 7.2
java_class_path (initial): C:\Users\yscs\.gradle\wrapper\dists\gradle-7.2-bin\2dnblmf4td7x66yl1d74lt32g\gradle-7.2\lib\gradle-launcher-7.2.jar
Launcher Type: SUN_STANDARD

[Global flags]
     intx CICompilerCount                          = 3                                         {product} {ergonomic}
     uint ConcGCThreads                            = 1                                         {product} {ergonomic}
     uint G1ConcRefinementThreads                  = 4                                         {product} {ergonomic}
   size_t G1HeapRegionSize                         = 1048576                                   {product} {ergonomic}
    uintx GCDrainStackTargetSize                   = 64                                        {product} {ergonomic}
   size_t InitialHeapSize                          = 134217728                                 {product} {ergonomic}
   size_t MarkStackSize                            = 4194304                                   {product} {ergonomic}
   size_t MaxHeapSize                              = 2147483648                                {product} {command line}
   size_t MaxNewSize                               = 1287651328                                {product} {ergonomic}
   size_t MinHeapDeltaBytes                        = 1048576                                   {product} {ergonomic}
    uintx NonNMethodCodeHeapSize                   = 5830732                                {pd product} {ergonomic}
    uintx NonProfiledCodeHeapSize                  = 122913754                              {pd product} {ergonomic}
    uintx ProfiledCodeHeapSize                     = 122913754                              {pd product} {ergonomic}
    uintx ReservedCodeCacheSize                    = 251658240                              {pd product} {ergonomic}
     bool SegmentedCodeCache                       = true                                      {product} {ergonomic}
     bool UseCompressedClassPointers               = true                                 {lp64_product} {ergonomic}
     bool UseCompressedOops                        = true                                 {lp64_product} {ergonomic}
     bool UseG1GC                                  = true                                      {product} {ergonomic}
     bool UseLargePagesIndividualAllocation        = false                                  {pd product} {ergonomic}

Logging:
Log output configuration:
 #0: stdout all=warning uptime,level,tags
 #1: stderr all=off uptime,level,tags

Environment Variables:
JAVA_HOME=C:\Program Files\Java\jdk-11.0.14
PATH=C:\Program Files\Java\jdk-11.0.14\bin;C:\Program Files\Common Files\Oracle\Java\javapath;C:\windows\system32;C:\windows;C:\windows\System32\Wbem;C:\windows\System32\WindowsPowerShell\v1.0\;C:\windows\System32\OpenSSH\;C:\Program Files\nodejs\;C:\Program Files\Bandizip\;C:\Program Files\Git\cmd;C:\Users\yscs\AppData\Local\Programs\Python\Python310\Scripts\;C:\Users\yscs\AppData\Local\Programs\Python\Python310\;C:\Program Files\MySQL\MySQL Shell 8.0\bin\;C:\Users\yscs\AppData\Local\Microsoft\WindowsApps;C:\Users\yscs\AppData\Roaming\npm;C:\Users\yscs\AppData\Local\Programs\Microsoft VS Code\bin;C:\Users\yscs\AppData\Local\atom\bin;C:\Users\yscs\AppData\Local\GitHubDesktop\bin;C:\Users\yscs\AppData\Roaming\Python\Python310\Scripts;
USERNAME=yscs
OS=Windows_NT
PROCESSOR_IDENTIFIER=Intel64 Family 6 Model 94 Stepping 3, GenuineIntel



---------------  S Y S T E M  ---------------

OS: Windows 10 , 64 bit Build 19041 (10.0.19041.1706)
OS uptime: 13 days 9:26 hours

CPU:total 4 (initial active 4) (4 cores per cpu, 1 threads per core) family 6 model 94 stepping 3 microcode 0xcc, cmov, cx8, fxsr, mmx, sse, sse2, sse3, ssse3, sse4.1, sse4.2, popcnt, avx, avx2, aes, clmul, erms, rtm, 3dnowpref, lzcnt, tsc, tscinvbit, bmi1, bmi2, adx, fma

Memory: 4k page, system-wide physical 8071M (899M free)
TotalPageFile size 15008M (AvailPageFile size 2526M)
current process WorkingSet (physical memory assigned to process): 435M, peak: 491M
current process commit charge ("private bytes"): 547M, peak: 584M

vm_info: OpenJDK 64-Bit Server VM (11.0.11+9-b60-7590822) for windows-amd64 JRE (11.0.11+9-b60-7590822), built on Jul 29 2021 21:43:44 by "builder" with MS VC++ 14.0 (VS2015)

END.
